{"/Users/leonardorocha/Documents/TCC/projeto/frontend/src/App.js": {"path":"/Users/leonardorocha/Documents/TCC/projeto/frontend/src/App.js","statementMap":{"0":{"start":{"line":17,"column":20},"end":{"line":17,"column":37}},"1":{"start":{"line":20,"column":28},"end":{"line":20,"column":37}},"2":{"start":{"line":22,"column":2},"end":{"line":28,"column":3}},"3":{"start":{"line":23,"column":4},"end":{"line":27,"column":6}},"4":{"start":{"line":30,"column":2},"end":{"line":30,"column":52}},"5":{"start":{"line":34,"column":2},"end":{"line":51,"column":4}},"6":{"start":{"line":55,"column":2},"end":{"line":66,"column":4}}},"fnMap":{"0":{"name":"ProtectedRoute","decl":{"start":{"line":19,"column":9},"end":{"line":19,"column":23}},"loc":{"start":{"line":19,"column":38},"end":{"line":31,"column":1}},"line":19},"1":{"name":"AppRoutes","decl":{"start":{"line":33,"column":9},"end":{"line":33,"column":18}},"loc":{"start":{"line":33,"column":21},"end":{"line":52,"column":1}},"line":33},"2":{"name":"App","decl":{"start":{"line":54,"column":9},"end":{"line":54,"column":12}},"loc":{"start":{"line":54,"column":15},"end":{"line":67,"column":1}},"line":54}},"branchMap":{"0":{"loc":{"start":{"line":22,"column":2},"end":{"line":28,"column":3}},"type":"if","locations":[{"start":{"line":22,"column":2},"end":{"line":28,"column":3}},{"start":{},"end":{}}],"line":22},"1":{"loc":{"start":{"line":30,"column":9},"end":{"line":30,"column":51}},"type":"cond-expr","locations":[{"start":{"line":30,"column":16},"end":{"line":30,"column":24}},{"start":{"line":30,"column":27},"end":{"line":30,"column":51}}],"line":30}},"s":{"0":0,"1":0,"2":0,"3":0,"4":0,"5":0,"6":0},"f":{"0":0,"1":0,"2":0},"b":{"0":[0,0],"1":[0,0]}}
,"/Users/leonardorocha/Documents/TCC/projeto/frontend/src/index.js": {"path":"/Users/leonardorocha/Documents/TCC/projeto/frontend/src/index.js","statementMap":{"0":{"start":{"line":6,"column":13},"end":{"line":6,"column":65}},"1":{"start":{"line":7,"column":0},"end":{"line":11,"column":2}}},"fnMap":{},"branchMap":{},"s":{"0":0,"1":0},"f":{},"b":{}}
,"/Users/leonardorocha/Documents/TCC/projeto/frontend/src/components/ActivityModal.js": {"path":"/Users/leonardorocha/Documents/TCC/projeto/frontend/src/components/ActivityModal.js","statementMap":{"0":{"start":{"line":5,"column":34},"end":{"line":13,"column":4}},"1":{"start":{"line":15,"column":25},"end":{"line":22,"column":3}},"2":{"start":{"line":24,"column":19},"end":{"line":29,"column":3}},"3":{"start":{"line":31,"column":23},"end":{"line":47,"column":3}},"4":{"start":{"line":32,"column":28},"end":{"line":32,"column":36}},"5":{"start":{"line":35,"column":4},"end":{"line":46,"column":5}},"6":{"start":{"line":36,"column":27},"end":{"line":36,"column":74}},"7":{"start":{"line":37,"column":6},"end":{"line":40,"column":9}},"8":{"start":{"line":42,"column":6},"end":{"line":45,"column":9}},"9":{"start":{"line":49,"column":23},"end":{"line":65,"column":3}},"10":{"start":{"line":50,"column":4},"end":{"line":50,"column":23}},"11":{"start":{"line":51,"column":4},"end":{"line":55,"column":7}},"12":{"start":{"line":56,"column":4},"end":{"line":64,"column":7}},"13":{"start":{"line":67,"column":33},"end":{"line":70,"column":3}},"14":{"start":{"line":68,"column":4},"end":{"line":68,"column":47}},"15":{"start":{"line":72,"column":2},"end":{"line":72,"column":27}},"16":{"start":{"line":72,"column":15},"end":{"line":72,"column":27}},"17":{"start":{"line":74,"column":2},"end":{"line":244,"column":4}},"18":{"start":{"line":104,"column":16},"end":{"line":106,"column":25}},"19":{"start":{"line":216,"column":18},"end":{"line":218,"column":27}}},"fnMap":{"0":{"name":"ActivityModal","decl":{"start":{"line":4,"column":9},"end":{"line":4,"column":22}},"loc":{"start":{"line":4,"column":60},"end":{"line":245,"column":1}},"line":4},"1":{"name":"(anonymous_1)","decl":{"start":{"line":31,"column":23},"end":{"line":31,"column":24}},"loc":{"start":{"line":31,"column":30},"end":{"line":47,"column":3}},"line":31},"2":{"name":"(anonymous_2)","decl":{"start":{"line":49,"column":23},"end":{"line":49,"column":24}},"loc":{"start":{"line":49,"column":30},"end":{"line":65,"column":3}},"line":49},"3":{"name":"(anonymous_3)","decl":{"start":{"line":67,"column":33},"end":{"line":67,"column":34}},"loc":{"start":{"line":67,"column":39},"end":{"line":70,"column":3}},"line":67},"4":{"name":"(anonymous_4)","decl":{"start":{"line":68,"column":35},"end":{"line":68,"column":36}},"loc":{"start":{"line":68,"column":41},"end":{"line":68,"column":43}},"line":68},"5":{"name":"(anonymous_5)","decl":{"start":{"line":103,"column":34},"end":{"line":103,"column":35}},"loc":{"start":{"line":104,"column":16},"end":{"line":106,"column":25}},"line":104},"6":{"name":"(anonymous_6)","decl":{"start":{"line":215,"column":30},"end":{"line":215,"column":31}},"loc":{"start":{"line":216,"column":18},"end":{"line":218,"column":27}},"line":216}},"branchMap":{"0":{"loc":{"start":{"line":35,"column":4},"end":{"line":46,"column":5}},"type":"if","locations":[{"start":{"line":35,"column":4},"end":{"line":46,"column":5}},{"start":{"line":41,"column":11},"end":{"line":46,"column":5}}],"line":35},"1":{"loc":{"start":{"line":35,"column":8},"end":{"line":35,"column":80}},"type":"binary-expr","locations":[{"start":{"line":35,"column":9},"end":{"line":35,"column":33}},{"start":{"line":35,"column":37},"end":{"line":35,"column":63}},{"start":{"line":35,"column":68},"end":{"line":35,"column":80}}],"line":35},"2":{"loc":{"start":{"line":72,"column":2},"end":{"line":72,"column":27}},"type":"if","locations":[{"start":{"line":72,"column":2},"end":{"line":72,"column":27}},{"start":{},"end":{}}],"line":72},"3":{"loc":{"start":{"line":112,"column":11},"end":{"line":168,"column":11}},"type":"cond-expr","locations":[{"start":{"line":113,"column":12},"end":{"line":151,"column":15}},{"start":{"line":154,"column":12},"end":{"line":167,"column":18}}],"line":112},"4":{"loc":{"start":{"line":112,"column":12},"end":{"line":112,"column":89}},"type":"binary-expr","locations":[{"start":{"line":112,"column":12},"end":{"line":112,"column":49}},{"start":{"line":112,"column":53},"end":{"line":112,"column":89}}],"line":112}},"s":{"0":0,"1":0,"2":0,"3":0,"4":0,"5":0,"6":0,"7":0,"8":0,"9":0,"10":0,"11":0,"12":0,"13":0,"14":0,"15":0,"16":0,"17":0,"18":0,"19":0},"f":{"0":0,"1":0,"2":0,"3":0,"4":0,"5":0,"6":0},"b":{"0":[0,0],"1":[0,0,0],"2":[0,0],"3":[0,0],"4":[0,0]}}
,"/Users/leonardorocha/Documents/TCC/projeto/frontend/src/components/AddClientModal.js": {"path":"/Users/leonardorocha/Documents/TCC/projeto/frontend/src/components/AddClientModal.js","statementMap":{"0":{"start":{"line":7,"column":32},"end":{"line":7,"column":47}},"1":{"start":{"line":8,"column":42},"end":{"line":8,"column":57}},"2":{"start":{"line":9,"column":34},"end":{"line":30,"column":4}},"3":{"start":{"line":32,"column":28},"end":{"line":38,"column":3}},"4":{"start":{"line":33,"column":28},"end":{"line":33,"column":36}},"5":{"start":{"line":34,"column":4},"end":{"line":37,"column":8}},"6":{"start":{"line":34,"column":25},"end":{"line":37,"column":5}},"7":{"start":{"line":41,"column":23},"end":{"line":44,"column":3}},"8":{"start":{"line":42,"column":26},"end":{"line":42,"column":49}},"9":{"start":{"line":43,"column":4},"end":{"line":43,"column":92}},"10":{"start":{"line":47,"column":26},"end":{"line":97,"column":3}},"11":{"start":{"line":49,"column":22},"end":{"line":49,"column":45}},"12":{"start":{"line":52,"column":4},"end":{"line":54,"column":5}},"13":{"start":{"line":53,"column":6},"end":{"line":53,"column":13}},"14":{"start":{"line":56,"column":4},"end":{"line":56,"column":26}},"15":{"start":{"line":58,"column":4},"end":{"line":96,"column":5}},"16":{"start":{"line":60,"column":23},"end":{"line":60,"column":58}},"17":{"start":{"line":61,"column":20},"end":{"line":61,"column":33}},"18":{"start":{"line":63,"column":6},"end":{"line":66,"column":7}},"19":{"start":{"line":64,"column":8},"end":{"line":64,"column":72}},"20":{"start":{"line":65,"column":8},"end":{"line":65,"column":15}},"21":{"start":{"line":69,"column":6},"end":{"line":87,"column":10}},"22":{"start":{"line":69,"column":27},"end":{"line":87,"column":7}},"23":{"start":{"line":89,"column":6},"end":{"line":89,"column":64}},"24":{"start":{"line":92,"column":6},"end":{"line":92,"column":51}},"25":{"start":{"line":93,"column":6},"end":{"line":93,"column":68}},"26":{"start":{"line":95,"column":6},"end":{"line":95,"column":29}},"27":{"start":{"line":100,"column":32},"end":{"line":107,"column":3}},"28":{"start":{"line":102,"column":19},"end":{"line":102,"column":34}},"29":{"start":{"line":103,"column":4},"end":{"line":105,"column":5}},"30":{"start":{"line":104,"column":6},"end":{"line":104,"column":54}},"31":{"start":{"line":106,"column":4},"end":{"line":106,"column":14}},"32":{"start":{"line":110,"column":27},"end":{"line":124,"column":3}},"33":{"start":{"line":111,"column":22},"end":{"line":111,"column":30}},"34":{"start":{"line":112,"column":22},"end":{"line":112,"column":46}},"35":{"start":{"line":115,"column":4},"end":{"line":118,"column":8}},"36":{"start":{"line":115,"column":25},"end":{"line":118,"column":5}},"37":{"start":{"line":121,"column":4},"end":{"line":123,"column":5}},"38":{"start":{"line":122,"column":6},"end":{"line":122,"column":29}},"39":{"start":{"line":126,"column":23},"end":{"line":212,"column":3}},"40":{"start":{"line":127,"column":4},"end":{"line":127,"column":23}},"41":{"start":{"line":130,"column":4},"end":{"line":133,"column":5}},"42":{"start":{"line":131,"column":6},"end":{"line":131,"column":82}},"43":{"start":{"line":132,"column":6},"end":{"line":132,"column":13}},"44":{"start":{"line":135,"column":4},"end":{"line":135,"column":21}},"45":{"start":{"line":136,"column":4},"end":{"line":211,"column":5}},"46":{"start":{"line":138,"column":28},"end":{"line":152,"column":7}},"47":{"start":{"line":155,"column":23},"end":{"line":155,"column":68}},"48":{"start":{"line":158,"column":6},"end":{"line":160,"column":7}},"49":{"start":{"line":159,"column":8},"end":{"line":159,"column":35}},"50":{"start":{"line":163,"column":6},"end":{"line":184,"column":9}},"51":{"start":{"line":186,"column":6},"end":{"line":186,"column":57}},"52":{"start":{"line":187,"column":6},"end":{"line":187,"column":16}},"53":{"start":{"line":190,"column":6},"end":{"line":190,"column":59}},"54":{"start":{"line":193,"column":6},"end":{"line":208,"column":7}},"55":{"start":{"line":194,"column":26},"end":{"line":194,"column":45}},"56":{"start":{"line":196,"column":8},"end":{"line":204,"column":9}},"57":{"start":{"line":198,"column":32},"end":{"line":198,"column":67}},"58":{"start":{"line":199,"column":10},"end":{"line":199,"column":61}},"59":{"start":{"line":200,"column":15},"end":{"line":204,"column":9}},"60":{"start":{"line":201,"column":10},"end":{"line":201,"column":33}},"61":{"start":{"line":203,"column":10},"end":{"line":203,"column":62}},"62":{"start":{"line":206,"column":25},"end":{"line":206,"column":104}},"63":{"start":{"line":207,"column":8},"end":{"line":207,"column":93}},"64":{"start":{"line":210,"column":6},"end":{"line":210,"column":24}},"65":{"start":{"line":214,"column":2},"end":{"line":214,"column":27}},"66":{"start":{"line":214,"column":15},"end":{"line":214,"column":27}},"67":{"start":{"line":216,"column":2},"end":{"line":528,"column":4}}},"fnMap":{"0":{"name":"AddClientModal","decl":{"start":{"line":6,"column":9},"end":{"line":6,"column":23}},"loc":{"start":{"line":6,"column":58},"end":{"line":529,"column":1}},"line":6},"1":{"name":"(anonymous_1)","decl":{"start":{"line":32,"column":28},"end":{"line":32,"column":29}},"loc":{"start":{"line":32,"column":35},"end":{"line":38,"column":3}},"line":32},"2":{"name":"(anonymous_2)","decl":{"start":{"line":34,"column":16},"end":{"line":34,"column":17}},"loc":{"start":{"line":34,"column":25},"end":{"line":37,"column":5}},"line":34},"3":{"name":"(anonymous_3)","decl":{"start":{"line":41,"column":23},"end":{"line":41,"column":24}},"loc":{"start":{"line":41,"column":33},"end":{"line":44,"column":3}},"line":41},"4":{"name":"(anonymous_4)","decl":{"start":{"line":47,"column":26},"end":{"line":47,"column":27}},"loc":{"start":{"line":47,"column":42},"end":{"line":97,"column":3}},"line":47},"5":{"name":"(anonymous_5)","decl":{"start":{"line":69,"column":18},"end":{"line":69,"column":19}},"loc":{"start":{"line":69,"column":27},"end":{"line":87,"column":7}},"line":69},"6":{"name":"(anonymous_6)","decl":{"start":{"line":100,"column":32},"end":{"line":100,"column":33}},"loc":{"start":{"line":100,"column":42},"end":{"line":107,"column":3}},"line":100},"7":{"name":"(anonymous_7)","decl":{"start":{"line":110,"column":27},"end":{"line":110,"column":28}},"loc":{"start":{"line":110,"column":34},"end":{"line":124,"column":3}},"line":110},"8":{"name":"(anonymous_8)","decl":{"start":{"line":115,"column":16},"end":{"line":115,"column":17}},"loc":{"start":{"line":115,"column":25},"end":{"line":118,"column":5}},"line":115},"9":{"name":"(anonymous_9)","decl":{"start":{"line":126,"column":23},"end":{"line":126,"column":24}},"loc":{"start":{"line":126,"column":36},"end":{"line":212,"column":3}},"line":126}},"branchMap":{"0":{"loc":{"start":{"line":52,"column":4},"end":{"line":54,"column":5}},"type":"if","locations":[{"start":{"line":52,"column":4},"end":{"line":54,"column":5}},{"start":{},"end":{}}],"line":52},"1":{"loc":{"start":{"line":63,"column":6},"end":{"line":66,"column":7}},"type":"if","locations":[{"start":{"line":63,"column":6},"end":{"line":66,"column":7}},{"start":{},"end":{}}],"line":63},"2":{"loc":{"start":{"line":64,"column":20},"end":{"line":64,"column":70}},"type":"binary-expr","locations":[{"start":{"line":64,"column":20},"end":{"line":64,"column":33}},{"start":{"line":64,"column":37},"end":{"line":64,"column":70}}],"line":64},"3":{"loc":{"start":{"line":72,"column":21},"end":{"line":72,"column":37}},"type":"binary-expr","locations":[{"start":{"line":72,"column":21},"end":{"line":72,"column":31}},{"start":{"line":72,"column":35},"end":{"line":72,"column":37}}],"line":72},"4":{"loc":{"start":{"line":73,"column":22},"end":{"line":73,"column":42}},"type":"binary-expr","locations":[{"start":{"line":73,"column":22},"end":{"line":73,"column":36}},{"start":{"line":73,"column":40},"end":{"line":73,"column":42}}],"line":73},"5":{"loc":{"start":{"line":74,"column":18},"end":{"line":74,"column":73}},"type":"cond-expr","locations":[{"start":{"line":74,"column":35},"end":{"line":74,"column":68}},{"start":{"line":74,"column":71},"end":{"line":74,"column":73}}],"line":74},"6":{"loc":{"start":{"line":75,"column":15},"end":{"line":75,"column":32}},"type":"binary-expr","locations":[{"start":{"line":75,"column":15},"end":{"line":75,"column":26}},{"start":{"line":75,"column":30},"end":{"line":75,"column":32}}],"line":75},"7":{"loc":{"start":{"line":76,"column":20},"end":{"line":76,"column":42}},"type":"binary-expr","locations":[{"start":{"line":76,"column":20},"end":{"line":76,"column":36}},{"start":{"line":76,"column":40},"end":{"line":76,"column":42}}],"line":76},"8":{"loc":{"start":{"line":77,"column":16},"end":{"line":77,"column":34}},"type":"binary-expr","locations":[{"start":{"line":77,"column":16},"end":{"line":77,"column":28}},{"start":{"line":77,"column":32},"end":{"line":77,"column":34}}],"line":77},"9":{"loc":{"start":{"line":78,"column":21},"end":{"line":78,"column":44}},"type":"binary-expr","locations":[{"start":{"line":78,"column":21},"end":{"line":78,"column":38}},{"start":{"line":78,"column":42},"end":{"line":78,"column":44}}],"line":78},"10":{"loc":{"start":{"line":79,"column":16},"end":{"line":79,"column":34}},"type":"binary-expr","locations":[{"start":{"line":79,"column":16},"end":{"line":79,"column":28}},{"start":{"line":79,"column":32},"end":{"line":79,"column":34}}],"line":79},"11":{"loc":{"start":{"line":80,"column":16},"end":{"line":80,"column":37}},"type":"binary-expr","locations":[{"start":{"line":80,"column":16},"end":{"line":80,"column":31}},{"start":{"line":80,"column":35},"end":{"line":80,"column":37}}],"line":80},"12":{"loc":{"start":{"line":81,"column":12},"end":{"line":81,"column":26}},"type":"binary-expr","locations":[{"start":{"line":81,"column":12},"end":{"line":81,"column":20}},{"start":{"line":81,"column":24},"end":{"line":81,"column":26}}],"line":81},"13":{"loc":{"start":{"line":82,"column":23},"end":{"line":82,"column":65}},"type":"binary-expr","locations":[{"start":{"line":82,"column":23},"end":{"line":82,"column":59}},{"start":{"line":82,"column":63},"end":{"line":82,"column":65}}],"line":82},"14":{"loc":{"start":{"line":83,"column":28},"end":{"line":83,"column":70}},"type":"binary-expr","locations":[{"start":{"line":83,"column":28},"end":{"line":83,"column":64}},{"start":{"line":83,"column":68},"end":{"line":83,"column":70}}],"line":83},"15":{"loc":{"start":{"line":84,"column":27},"end":{"line":84,"column":86}},"type":"cond-expr","locations":[{"start":{"line":84,"column":44},"end":{"line":84,"column":81}},{"start":{"line":84,"column":84},"end":{"line":84,"column":86}}],"line":84},"16":{"loc":{"start":{"line":85,"column":29},"end":{"line":85,"column":55}},"type":"binary-expr","locations":[{"start":{"line":85,"column":29},"end":{"line":85,"column":49}},{"start":{"line":85,"column":53},"end":{"line":85,"column":55}}],"line":85},"17":{"loc":{"start":{"line":86,"column":28},"end":{"line":86,"column":81}},"type":"cond-expr","locations":[{"start":{"line":86,"column":48},"end":{"line":86,"column":76}},{"start":{"line":86,"column":79},"end":{"line":86,"column":81}}],"line":86},"18":{"loc":{"start":{"line":103,"column":4},"end":{"line":105,"column":5}},"type":"if","locations":[{"start":{"line":103,"column":4},"end":{"line":105,"column":5}},{"start":{},"end":{}}],"line":103},"19":{"loc":{"start":{"line":121,"column":4},"end":{"line":123,"column":5}},"type":"if","locations":[{"start":{"line":121,"column":4},"end":{"line":123,"column":5}},{"start":{},"end":{}}],"line":121},"20":{"loc":{"start":{"line":121,"column":8},"end":{"line":121,"column":48}},"type":"binary-expr","locations":[{"start":{"line":121,"column":8},"end":{"line":121,"column":31}},{"start":{"line":121,"column":35},"end":{"line":121,"column":48}}],"line":121},"21":{"loc":{"start":{"line":130,"column":4},"end":{"line":133,"column":5}},"type":"if","locations":[{"start":{"line":130,"column":4},"end":{"line":133,"column":5}},{"start":{},"end":{}}],"line":130},"22":{"loc":{"start":{"line":130,"column":8},"end":{"line":130,"column":66}},"type":"binary-expr","locations":[{"start":{"line":130,"column":8},"end":{"line":130,"column":29}},{"start":{"line":130,"column":33},"end":{"line":130,"column":47}},{"start":{"line":130,"column":51},"end":{"line":130,"column":66}}],"line":130},"23":{"loc":{"start":{"line":140,"column":22},"end":{"line":140,"column":51}},"type":"binary-expr","locations":[{"start":{"line":140,"column":22},"end":{"line":140,"column":43}},{"start":{"line":140,"column":47},"end":{"line":140,"column":51}}],"line":140},"24":{"loc":{"start":{"line":141,"column":14},"end":{"line":141,"column":35}},"type":"binary-expr","locations":[{"start":{"line":141,"column":14},"end":{"line":141,"column":27}},{"start":{"line":141,"column":31},"end":{"line":141,"column":35}}],"line":141},"25":{"loc":{"start":{"line":144,"column":17},"end":{"line":144,"column":53}},"type":"binary-expr","locations":[{"start":{"line":144,"column":17},"end":{"line":144,"column":45}},{"start":{"line":144,"column":49},"end":{"line":144,"column":53}}],"line":144},"26":{"loc":{"start":{"line":145,"column":18},"end":{"line":146,"column":176}},"type":"cond-expr","locations":[{"start":{"line":146,"column":10},"end":{"line":146,"column":169}},{"start":{"line":146,"column":172},"end":{"line":146,"column":176}}],"line":145},"27":{"loc":{"start":{"line":145,"column":18},"end":{"line":145,"column":56}},"type":"binary-expr","locations":[{"start":{"line":145,"column":18},"end":{"line":145,"column":37}},{"start":{"line":145,"column":41},"end":{"line":145,"column":56}}],"line":145},"28":{"loc":{"start":{"line":146,"column":55},"end":{"line":146,"column":111}},"type":"cond-expr","locations":[{"start":{"line":146,"column":78},"end":{"line":146,"column":106}},{"start":{"line":146,"column":109},"end":{"line":146,"column":111}}],"line":146},"29":{"loc":{"start":{"line":147,"column":16},"end":{"line":147,"column":39}},"type":"binary-expr","locations":[{"start":{"line":147,"column":16},"end":{"line":147,"column":31}},{"start":{"line":147,"column":35},"end":{"line":147,"column":39}}],"line":147},"30":{"loc":{"start":{"line":148,"column":16},"end":{"line":148,"column":35}},"type":"binary-expr","locations":[{"start":{"line":148,"column":16},"end":{"line":148,"column":27}},{"start":{"line":148,"column":31},"end":{"line":148,"column":35}}],"line":148},"31":{"loc":{"start":{"line":149,"column":14},"end":{"line":149,"column":35}},"type":"binary-expr","locations":[{"start":{"line":149,"column":14},"end":{"line":149,"column":27}},{"start":{"line":149,"column":31},"end":{"line":149,"column":35}}],"line":149},"32":{"loc":{"start":{"line":150,"column":19},"end":{"line":150,"column":185}},"type":"binary-expr","locations":[{"start":{"line":150,"column":19},"end":{"line":150,"column":177}},{"start":{"line":150,"column":181},"end":{"line":150,"column":185}}],"line":150},"33":{"loc":{"start":{"line":158,"column":6},"end":{"line":160,"column":7}},"type":"if","locations":[{"start":{"line":158,"column":6},"end":{"line":160,"column":7}},{"start":{},"end":{}}],"line":158},"34":{"loc":{"start":{"line":193,"column":6},"end":{"line":208,"column":7}},"type":"if","locations":[{"start":{"line":193,"column":6},"end":{"line":208,"column":7}},{"start":{"line":205,"column":13},"end":{"line":208,"column":7}}],"line":193},"35":{"loc":{"start":{"line":196,"column":8},"end":{"line":204,"column":9}},"type":"if","locations":[{"start":{"line":196,"column":8},"end":{"line":204,"column":9}},{"start":{"line":200,"column":15},"end":{"line":204,"column":9}}],"line":196},"36":{"loc":{"start":{"line":196,"column":12},"end":{"line":196,"column":63}},"type":"binary-expr","locations":[{"start":{"line":196,"column":12},"end":{"line":196,"column":41}},{"start":{"line":196,"column":45},"end":{"line":196,"column":63}}],"line":196},"37":{"loc":{"start":{"line":200,"column":15},"end":{"line":204,"column":9}},"type":"if","locations":[{"start":{"line":200,"column":15},"end":{"line":204,"column":9}},{"start":{"line":202,"column":15},"end":{"line":204,"column":9}}],"line":200},"38":{"loc":{"start":{"line":206,"column":25},"end":{"line":206,"column":104}},"type":"binary-expr","locations":[{"start":{"line":206,"column":25},"end":{"line":206,"column":54}},{"start":{"line":206,"column":58},"end":{"line":206,"column":71}},{"start":{"line":206,"column":75},"end":{"line":206,"column":104}}],"line":206},"39":{"loc":{"start":{"line":207,"column":20},"end":{"line":207,"column":91}},"type":"cond-expr","locations":[{"start":{"line":207,"column":51},"end":{"line":207,"column":59}},{"start":{"line":207,"column":62},"end":{"line":207,"column":91}}],"line":207},"40":{"loc":{"start":{"line":214,"column":2},"end":{"line":214,"column":27}},"type":"if","locations":[{"start":{"line":214,"column":2},"end":{"line":214,"column":27}},{"start":{},"end":{}}],"line":214},"41":{"loc":{"start":{"line":243,"column":17},"end":{"line":247,"column":17}},"type":"binary-expr","locations":[{"start":{"line":243,"column":17},"end":{"line":243,"column":29}},{"start":{"line":244,"column":18},"end":{"line":246,"column":25}}],"line":243},"42":{"loc":{"start":{"line":259,"column":17},"end":{"line":263,"column":17}},"type":"binary-expr","locations":[{"start":{"line":259,"column":17},"end":{"line":259,"column":29}},{"start":{"line":260,"column":18},"end":{"line":262,"column":24}}],"line":259},"43":{"loc":{"start":{"line":264,"column":17},"end":{"line":266,"column":17}},"type":"binary-expr","locations":[{"start":{"line":264,"column":17},"end":{"line":264,"column":30}},{"start":{"line":264,"column":34},"end":{"line":264,"column":58}},{"start":{"line":265,"column":18},"end":{"line":265,"column":87}}],"line":264},"44":{"loc":{"start":{"line":522,"column":15},"end":{"line":522,"column":49}},"type":"cond-expr","locations":[{"start":{"line":522,"column":25},"end":{"line":522,"column":38}},{"start":{"line":522,"column":41},"end":{"line":522,"column":49}}],"line":522}},"s":{"0":0,"1":0,"2":0,"3":0,"4":0,"5":0,"6":0,"7":0,"8":0,"9":0,"10":0,"11":0,"12":0,"13":0,"14":0,"15":0,"16":0,"17":0,"18":0,"19":0,"20":0,"21":0,"22":0,"23":0,"24":0,"25":0,"26":0,"27":0,"28":0,"29":0,"30":0,"31":0,"32":0,"33":0,"34":0,"35":0,"36":0,"37":0,"38":0,"39":0,"40":0,"41":0,"42":0,"43":0,"44":0,"45":0,"46":0,"47":0,"48":0,"49":0,"50":0,"51":0,"52":0,"53":0,"54":0,"55":0,"56":0,"57":0,"58":0,"59":0,"60":0,"61":0,"62":0,"63":0,"64":0,"65":0,"66":0,"67":0},"f":{"0":0,"1":0,"2":0,"3":0,"4":0,"5":0,"6":0,"7":0,"8":0,"9":0},"b":{"0":[0,0],"1":[0,0],"2":[0,0],"3":[0,0],"4":[0,0],"5":[0,0],"6":[0,0],"7":[0,0],"8":[0,0],"9":[0,0],"10":[0,0],"11":[0,0],"12":[0,0],"13":[0,0],"14":[0,0],"15":[0,0],"16":[0,0],"17":[0,0],"18":[0,0],"19":[0,0],"20":[0,0],"21":[0,0],"22":[0,0,0],"23":[0,0],"24":[0,0],"25":[0,0],"26":[0,0],"27":[0,0],"28":[0,0],"29":[0,0],"30":[0,0],"31":[0,0],"32":[0,0],"33":[0,0],"34":[0,0],"35":[0,0],"36":[0,0],"37":[0,0],"38":[0,0,0],"39":[0,0],"40":[0,0],"41":[0,0],"42":[0,0],"43":[0,0,0],"44":[0,0]}}
,"/Users/leonardorocha/Documents/TCC/projeto/frontend/src/components/ChatBot.js": {"path":"/Users/leonardorocha/Documents/TCC/projeto/frontend/src/components/ChatBot.js","statementMap":{"0":{"start":{"line":7,"column":30},"end":{"line":7,"column":45}},"1":{"start":{"line":8,"column":40},"end":{"line":8,"column":55}},"2":{"start":{"line":9,"column":34},"end":{"line":15,"column":4}},"3":{"start":{"line":16,"column":42},"end":{"line":16,"column":54}},"4":{"start":{"line":17,"column":36},"end":{"line":17,"column":51}},"5":{"start":{"line":18,"column":25},"end":{"line":18,"column":37}},"6":{"start":{"line":20,"column":25},"end":{"line":22,"column":3}},"7":{"start":{"line":21,"column":4},"end":{"line":21,"column":67}},"8":{"start":{"line":24,"column":2},"end":{"line":26,"column":17}},"9":{"start":{"line":25,"column":4},"end":{"line":25,"column":21}},"10":{"start":{"line":28,"column":28},"end":{"line":73,"column":3}},"11":{"start":{"line":29,"column":4},"end":{"line":29,"column":23}},"12":{"start":{"line":31,"column":4},"end":{"line":31,"column":37}},"13":{"start":{"line":31,"column":30},"end":{"line":31,"column":37}},"14":{"start":{"line":34,"column":24},"end":{"line":38,"column":5}},"15":{"start":{"line":40,"column":4},"end":{"line":40,"column":48}},"16":{"start":{"line":40,"column":24},"end":{"line":40,"column":46}},"17":{"start":{"line":41,"column":4},"end":{"line":41,"column":24}},"18":{"start":{"line":42,"column":4},"end":{"line":42,"column":23}},"19":{"start":{"line":44,"column":4},"end":{"line":72,"column":5}},"20":{"start":{"line":46,"column":23},"end":{"line":48,"column":8}},"21":{"start":{"line":51,"column":25},"end":{"line":55,"column":7}},"22":{"start":{"line":57,"column":6},"end":{"line":57,"column":49}},"23":{"start":{"line":57,"column":26},"end":{"line":57,"column":47}},"24":{"start":{"line":60,"column":6},"end":{"line":60,"column":55}},"25":{"start":{"line":62,"column":27},"end":{"line":66,"column":7}},"26":{"start":{"line":68,"column":6},"end":{"line":68,"column":51}},"27":{"start":{"line":68,"column":26},"end":{"line":68,"column":49}},"28":{"start":{"line":69,"column":6},"end":{"line":69,"column":48}},"29":{"start":{"line":71,"column":6},"end":{"line":71,"column":26}},"30":{"start":{"line":75,"column":21},"end":{"line":77,"column":3}},"31":{"start":{"line":76,"column":4},"end":{"line":76,"column":84}},"32":{"start":{"line":79,"column":2},"end":{"line":89,"column":3}},"33":{"start":{"line":80,"column":4},"end":{"line":88,"column":6}},"34":{"start":{"line":82,"column":23},"end":{"line":82,"column":38}},"35":{"start":{"line":91,"column":2},"end":{"line":193,"column":4}},"36":{"start":{"line":110,"column":27},"end":{"line":110,"column":55}},"37":{"start":{"line":117,"column":27},"end":{"line":117,"column":43}},"38":{"start":{"line":131,"column":14},"end":{"line":149,"column":20}},"39":{"start":{"line":173,"column":33},"end":{"line":173,"column":64}}},"fnMap":{"0":{"name":"ChatBot","decl":{"start":{"line":6,"column":9},"end":{"line":6,"column":16}},"loc":{"start":{"line":6,"column":19},"end":{"line":194,"column":1}},"line":6},"1":{"name":"(anonymous_1)","decl":{"start":{"line":20,"column":25},"end":{"line":20,"column":26}},"loc":{"start":{"line":20,"column":31},"end":{"line":22,"column":3}},"line":20},"2":{"name":"(anonymous_2)","decl":{"start":{"line":24,"column":12},"end":{"line":24,"column":13}},"loc":{"start":{"line":24,"column":18},"end":{"line":26,"column":3}},"line":24},"3":{"name":"(anonymous_3)","decl":{"start":{"line":28,"column":28},"end":{"line":28,"column":29}},"loc":{"start":{"line":28,"column":41},"end":{"line":73,"column":3}},"line":28},"4":{"name":"(anonymous_4)","decl":{"start":{"line":40,"column":16},"end":{"line":40,"column":17}},"loc":{"start":{"line":40,"column":24},"end":{"line":40,"column":46}},"line":40},"5":{"name":"(anonymous_5)","decl":{"start":{"line":57,"column":18},"end":{"line":57,"column":19}},"loc":{"start":{"line":57,"column":26},"end":{"line":57,"column":47}},"line":57},"6":{"name":"(anonymous_6)","decl":{"start":{"line":68,"column":18},"end":{"line":68,"column":19}},"loc":{"start":{"line":68,"column":26},"end":{"line":68,"column":49}},"line":68},"7":{"name":"(anonymous_7)","decl":{"start":{"line":75,"column":21},"end":{"line":75,"column":22}},"loc":{"start":{"line":75,"column":31},"end":{"line":77,"column":3}},"line":75},"8":{"name":"(anonymous_8)","decl":{"start":{"line":82,"column":17},"end":{"line":82,"column":18}},"loc":{"start":{"line":82,"column":23},"end":{"line":82,"column":38}},"line":82},"9":{"name":"(anonymous_9)","decl":{"start":{"line":110,"column":21},"end":{"line":110,"column":22}},"loc":{"start":{"line":110,"column":27},"end":{"line":110,"column":55}},"line":110},"10":{"name":"(anonymous_10)","decl":{"start":{"line":117,"column":21},"end":{"line":117,"column":22}},"loc":{"start":{"line":117,"column":27},"end":{"line":117,"column":43}},"line":117},"11":{"name":"(anonymous_11)","decl":{"start":{"line":130,"column":26},"end":{"line":130,"column":27}},"loc":{"start":{"line":131,"column":14},"end":{"line":149,"column":20}},"line":131},"12":{"name":"(anonymous_12)","decl":{"start":{"line":173,"column":26},"end":{"line":173,"column":27}},"loc":{"start":{"line":173,"column":33},"end":{"line":173,"column":64}},"line":173}},"branchMap":{"0":{"loc":{"start":{"line":31,"column":4},"end":{"line":31,"column":37}},"type":"if","locations":[{"start":{"line":31,"column":4},"end":{"line":31,"column":37}},{"start":{},"end":{}}],"line":31},"1":{"loc":{"start":{"line":79,"column":2},"end":{"line":89,"column":3}},"type":"if","locations":[{"start":{"line":79,"column":2},"end":{"line":89,"column":3}},{"start":{},"end":{}}],"line":79},"2":{"loc":{"start":{"line":94,"column":8},"end":{"line":94,"column":52}},"type":"cond-expr","locations":[{"start":{"line":94,"column":22},"end":{"line":94,"column":33}},{"start":{"line":94,"column":36},"end":{"line":94,"column":52}}],"line":94},"3":{"loc":{"start":{"line":112,"column":19},"end":{"line":112,"column":58}},"type":"cond-expr","locations":[{"start":{"line":112,"column":33},"end":{"line":112,"column":44}},{"start":{"line":112,"column":47},"end":{"line":112,"column":58}}],"line":112},"4":{"loc":{"start":{"line":126,"column":7},"end":{"line":191,"column":7}},"type":"binary-expr","locations":[{"start":{"line":126,"column":7},"end":{"line":126,"column":19}},{"start":{"line":127,"column":8},"end":{"line":190,"column":11}}],"line":126},"5":{"loc":{"start":{"line":133,"column":35},"end":{"line":133,"column":92}},"type":"cond-expr","locations":[{"start":{"line":133,"column":61},"end":{"line":133,"column":74}},{"start":{"line":133,"column":77},"end":{"line":133,"column":92}}],"line":133},"6":{"loc":{"start":{"line":137,"column":20},"end":{"line":139,"column":81}},"type":"cond-expr","locations":[{"start":{"line":138,"column":24},"end":{"line":138,"column":48}},{"start":{"line":139,"column":24},"end":{"line":139,"column":81}}],"line":137},"7":{"loc":{"start":{"line":144,"column":20},"end":{"line":144,"column":79}},"type":"cond-expr","locations":[{"start":{"line":144,"column":46},"end":{"line":144,"column":61}},{"start":{"line":144,"column":64},"end":{"line":144,"column":79}}],"line":144},"8":{"loc":{"start":{"line":152,"column":13},"end":{"line":162,"column":13}},"type":"binary-expr","locations":[{"start":{"line":152,"column":13},"end":{"line":152,"column":22}},{"start":{"line":153,"column":14},"end":{"line":161,"column":20}}],"line":152},"9":{"loc":{"start":{"line":180,"column":26},"end":{"line":180,"column":59}},"type":"binary-expr","locations":[{"start":{"line":180,"column":26},"end":{"line":180,"column":35}},{"start":{"line":180,"column":39},"end":{"line":180,"column":59}}],"line":180}},"s":{"0":0,"1":0,"2":0,"3":0,"4":0,"5":0,"6":0,"7":0,"8":0,"9":0,"10":0,"11":0,"12":0,"13":0,"14":0,"15":0,"16":0,"17":0,"18":0,"19":0,"20":0,"21":0,"22":0,"23":0,"24":0,"25":0,"26":0,"27":0,"28":0,"29":0,"30":0,"31":0,"32":0,"33":0,"34":0,"35":0,"36":0,"37":0,"38":0,"39":0},"f":{"0":0,"1":0,"2":0,"3":0,"4":0,"5":0,"6":0,"7":0,"8":0,"9":0,"10":0,"11":0,"12":0},"b":{"0":[0,0],"1":[0,0],"2":[0,0],"3":[0,0],"4":[0,0],"5":[0,0],"6":[0,0],"7":[0,0],"8":[0,0],"9":[0,0]}}
,"/Users/leonardorocha/Documents/TCC/projeto/frontend/src/components/Layout.js": {"path":"/Users/leonardorocha/Documents/TCC/projeto/frontend/src/components/Layout.js","statementMap":{"0":{"start":{"line":20,"column":40},"end":{"line":20,"column":55}},"1":{"start":{"line":21,"column":50},"end":{"line":21,"column":64}},"2":{"start":{"line":22,"column":46},"end":{"line":22,"column":61}},"3":{"start":{"line":23,"column":27},"end":{"line":23,"column":36}},"4":{"start":{"line":24,"column":19},"end":{"line":24,"column":32}},"5":{"start":{"line":26,"column":21},"end":{"line":32,"column":3}},"6":{"start":{"line":34,"column":24},"end":{"line":39,"column":3}},"7":{"start":{"line":35,"column":4},"end":{"line":37,"column":5}},"8":{"start":{"line":36,"column":6},"end":{"line":36,"column":39}},"9":{"start":{"line":38,"column":4},"end":{"line":38,"column":46}},"10":{"start":{"line":42,"column":21},"end":{"line":42,"column":56}},"11":{"start":{"line":45,"column":42},"end":{"line":45,"column":56}},"12":{"start":{"line":47,"column":27},"end":{"line":54,"column":3}},"13":{"start":{"line":49,"column":4},"end":{"line":52,"column":5}},"14":{"start":{"line":50,"column":6},"end":{"line":50,"column":33}},"15":{"start":{"line":51,"column":6},"end":{"line":51,"column":28}},"16":{"start":{"line":53,"column":4},"end":{"line":53,"column":28}},"17":{"start":{"line":56,"column":27},"end":{"line":62,"column":3}},"18":{"start":{"line":58,"column":20},"end":{"line":60,"column":10}},"19":{"start":{"line":59,"column":6},"end":{"line":59,"column":31}},"20":{"start":{"line":61,"column":4},"end":{"line":61,"column":29}},"21":{"start":{"line":65,"column":2},"end":{"line":71,"column":21}},"22":{"start":{"line":66,"column":4},"end":{"line":70,"column":6}},"23":{"start":{"line":67,"column":6},"end":{"line":69,"column":7}},"24":{"start":{"line":68,"column":8},"end":{"line":68,"column":35}},"25":{"start":{"line":73,"column":2},"end":{"line":174,"column":4}},"26":{"start":{"line":78,"column":82},"end":{"line":78,"column":103}},"27":{"start":{"line":83,"column":31},"end":{"line":83,"column":52}},"28":{"start":{"line":110,"column":36},"end":{"line":110,"column":74}},"29":{"start":{"line":121,"column":27},"end":{"line":121,"column":47}},"30":{"start":{"line":178,"column":2},"end":{"line":289,"column":4}},"31":{"start":{"line":255,"column":23},"end":{"line":255,"column":32}},"32":{"start":{"line":256,"column":27},"end":{"line":256,"column":51}},"33":{"start":{"line":257,"column":10},"end":{"line":285,"column":12}}},"fnMap":{"0":{"name":"Layout","decl":{"start":{"line":19,"column":9},"end":{"line":19,"column":15}},"loc":{"start":{"line":19,"column":18},"end":{"line":175,"column":1}},"line":19},"1":{"name":"(anonymous_1)","decl":{"start":{"line":34,"column":24},"end":{"line":34,"column":25}},"loc":{"start":{"line":34,"column":34},"end":{"line":39,"column":3}},"line":34},"2":{"name":"(anonymous_2)","decl":{"start":{"line":47,"column":27},"end":{"line":47,"column":28}},"loc":{"start":{"line":47,"column":33},"end":{"line":54,"column":3}},"line":47},"3":{"name":"(anonymous_3)","decl":{"start":{"line":56,"column":27},"end":{"line":56,"column":28}},"loc":{"start":{"line":56,"column":33},"end":{"line":62,"column":3}},"line":56},"4":{"name":"(anonymous_4)","decl":{"start":{"line":58,"column":31},"end":{"line":58,"column":32}},"loc":{"start":{"line":58,"column":37},"end":{"line":60,"column":5}},"line":58},"5":{"name":"(anonymous_5)","decl":{"start":{"line":65,"column":12},"end":{"line":65,"column":13}},"loc":{"start":{"line":65,"column":18},"end":{"line":71,"column":3}},"line":65},"6":{"name":"(anonymous_6)","decl":{"start":{"line":66,"column":11},"end":{"line":66,"column":12}},"loc":{"start":{"line":66,"column":17},"end":{"line":70,"column":5}},"line":66},"7":{"name":"(anonymous_7)","decl":{"start":{"line":78,"column":76},"end":{"line":78,"column":77}},"loc":{"start":{"line":78,"column":82},"end":{"line":78,"column":103}},"line":78},"8":{"name":"(anonymous_8)","decl":{"start":{"line":83,"column":25},"end":{"line":83,"column":26}},"loc":{"start":{"line":83,"column":31},"end":{"line":83,"column":52}},"line":83},"9":{"name":"(anonymous_9)","decl":{"start":{"line":110,"column":30},"end":{"line":110,"column":31}},"loc":{"start":{"line":110,"column":36},"end":{"line":110,"column":74}},"line":110},"10":{"name":"(anonymous_10)","decl":{"start":{"line":121,"column":21},"end":{"line":121,"column":22}},"loc":{"start":{"line":121,"column":27},"end":{"line":121,"column":47}},"line":121},"11":{"name":"SidebarContent","decl":{"start":{"line":177,"column":9},"end":{"line":177,"column":23}},"loc":{"start":{"line":177,"column":94},"end":{"line":290,"column":1}},"line":177},"12":{"name":"(anonymous_12)","decl":{"start":{"line":254,"column":24},"end":{"line":254,"column":25}},"loc":{"start":{"line":254,"column":34},"end":{"line":286,"column":9}},"line":254}},"branchMap":{"0":{"loc":{"start":{"line":35,"column":4},"end":{"line":37,"column":5}},"type":"if","locations":[{"start":{"line":35,"column":4},"end":{"line":37,"column":5}},{"start":{},"end":{}}],"line":35},"1":{"loc":{"start":{"line":42,"column":21},"end":{"line":42,"column":56}},"type":"binary-expr","locations":[{"start":{"line":42,"column":21},"end":{"line":42,"column":38}},{"start":{"line":42,"column":42},"end":{"line":42,"column":56}}],"line":42},"2":{"loc":{"start":{"line":49,"column":4},"end":{"line":52,"column":5}},"type":"if","locations":[{"start":{"line":49,"column":4},"end":{"line":52,"column":5}},{"start":{},"end":{}}],"line":49},"3":{"loc":{"start":{"line":67,"column":6},"end":{"line":69,"column":7}},"type":"if","locations":[{"start":{"line":67,"column":6},"end":{"line":69,"column":7}},{"start":{},"end":{}}],"line":67},"4":{"loc":{"start":{"line":76,"column":7},"end":{"line":91,"column":7}},"type":"binary-expr","locations":[{"start":{"line":76,"column":7},"end":{"line":76,"column":18}},{"start":{"line":77,"column":8},"end":{"line":90,"column":14}}],"line":76},"5":{"loc":{"start":{"line":96,"column":60},"end":{"line":96,"column":88}},"type":"cond-expr","locations":[{"start":{"line":96,"column":73},"end":{"line":96,"column":79}},{"start":{"line":96,"column":82},"end":{"line":96,"column":88}}],"line":96},"6":{"loc":{"start":{"line":147,"column":23},"end":{"line":147,"column":46}},"type":"binary-expr","locations":[{"start":{"line":147,"column":23},"end":{"line":147,"column":33}},{"start":{"line":147,"column":37},"end":{"line":147,"column":46}}],"line":147},"7":{"loc":{"start":{"line":164,"column":116},"end":{"line":164,"column":144}},"type":"cond-expr","locations":[{"start":{"line":164,"column":129},"end":{"line":164,"column":135}},{"start":{"line":164,"column":138},"end":{"line":164,"column":144}}],"line":164},"8":{"loc":{"start":{"line":181,"column":83},"end":{"line":181,"column":135}},"type":"cond-expr","locations":[{"start":{"line":181,"column":94},"end":{"line":181,"column":116}},{"start":{"line":181,"column":119},"end":{"line":181,"column":135}}],"line":181},"9":{"loc":{"start":{"line":199,"column":11},"end":{"line":210,"column":11}},"type":"binary-expr","locations":[{"start":{"line":199,"column":11},"end":{"line":199,"column":19}},{"start":{"line":200,"column":12},"end":{"line":209,"column":18}}],"line":199},"10":{"loc":{"start":{"line":203,"column":25},"end":{"line":203,"column":41}},"type":"cond-expr","locations":[{"start":{"line":203,"column":36},"end":{"line":203,"column":37}},{"start":{"line":203,"column":40},"end":{"line":203,"column":41}}],"line":203},"11":{"loc":{"start":{"line":204,"column":33},"end":{"line":204,"column":58}},"type":"cond-expr","locations":[{"start":{"line":204,"column":44},"end":{"line":204,"column":50}},{"start":{"line":204,"column":53},"end":{"line":204,"column":58}}],"line":204},"12":{"loc":{"start":{"line":214,"column":9},"end":{"line":222,"column":9}},"type":"binary-expr","locations":[{"start":{"line":214,"column":9},"end":{"line":214,"column":17}},{"start":{"line":214,"column":21},"end":{"line":214,"column":31}},{"start":{"line":215,"column":10},"end":{"line":221,"column":19}}],"line":214},"13":{"loc":{"start":{"line":226,"column":56},"end":{"line":226,"column":97}},"type":"cond-expr","locations":[{"start":{"line":226,"column":67},"end":{"line":226,"column":73}},{"start":{"line":226,"column":76},"end":{"line":226,"column":97}}],"line":226},"14":{"loc":{"start":{"line":227,"column":9},"end":{"line":249,"column":9}},"type":"cond-expr","locations":[{"start":{"line":228,"column":10},"end":{"line":241,"column":16}},{"start":{"line":243,"column":10},"end":{"line":248,"column":19}}],"line":227},"15":{"loc":{"start":{"line":231,"column":23},"end":{"line":231,"column":39}},"type":"cond-expr","locations":[{"start":{"line":231,"column":34},"end":{"line":231,"column":35}},{"start":{"line":231,"column":38},"end":{"line":231,"column":39}}],"line":231},"16":{"loc":{"start":{"line":232,"column":31},"end":{"line":232,"column":56}},"type":"cond-expr","locations":[{"start":{"line":232,"column":42},"end":{"line":232,"column":48}},{"start":{"line":232,"column":51},"end":{"line":232,"column":56}}],"line":232},"17":{"loc":{"start":{"line":253,"column":47},"end":{"line":253,"column":73}},"type":"cond-expr","locations":[{"start":{"line":253,"column":58},"end":{"line":253,"column":64}},{"start":{"line":253,"column":67},"end":{"line":253,"column":73}}],"line":253},"18":{"loc":{"start":{"line":262,"column":16},"end":{"line":264,"column":101}},"type":"cond-expr","locations":[{"start":{"line":263,"column":20},"end":{"line":263,"column":69}},{"start":{"line":264,"column":20},"end":{"line":264,"column":101}}],"line":262},"19":{"loc":{"start":{"line":265,"column":42},"end":{"line":265,"column":97}},"type":"cond-expr","locations":[{"start":{"line":265,"column":53},"end":{"line":265,"column":73}},{"start":{"line":265,"column":76},"end":{"line":265,"column":97}}],"line":265},"20":{"loc":{"start":{"line":266,"column":21},"end":{"line":266,"column":54}},"type":"cond-expr","locations":[{"start":{"line":266,"column":33},"end":{"line":266,"column":42}},{"start":{"line":266,"column":45},"end":{"line":266,"column":54}}],"line":266},"21":{"loc":{"start":{"line":270,"column":18},"end":{"line":270,"column":86}},"type":"cond-expr","locations":[{"start":{"line":270,"column":29},"end":{"line":270,"column":44}},{"start":{"line":270,"column":47},"end":{"line":270,"column":86}}],"line":270},"22":{"loc":{"start":{"line":273,"column":15},"end":{"line":283,"column":15}},"type":"binary-expr","locations":[{"start":{"line":273,"column":15},"end":{"line":273,"column":23}},{"start":{"line":274,"column":16},"end":{"line":282,"column":23}}],"line":273},"23":{"loc":{"start":{"line":277,"column":29},"end":{"line":277,"column":45}},"type":"cond-expr","locations":[{"start":{"line":277,"column":40},"end":{"line":277,"column":41}},{"start":{"line":277,"column":44},"end":{"line":277,"column":45}}],"line":277},"24":{"loc":{"start":{"line":278,"column":37},"end":{"line":278,"column":62}},"type":"cond-expr","locations":[{"start":{"line":278,"column":48},"end":{"line":278,"column":54}},{"start":{"line":278,"column":57},"end":{"line":278,"column":62}}],"line":278}},"s":{"0":0,"1":0,"2":0,"3":0,"4":0,"5":0,"6":0,"7":0,"8":0,"9":0,"10":0,"11":0,"12":0,"13":0,"14":0,"15":0,"16":0,"17":0,"18":0,"19":0,"20":0,"21":0,"22":0,"23":0,"24":0,"25":0,"26":0,"27":0,"28":0,"29":0,"30":0,"31":0,"32":0,"33":0},"f":{"0":0,"1":0,"2":0,"3":0,"4":0,"5":0,"6":0,"7":0,"8":0,"9":0,"10":0,"11":0,"12":0},"b":{"0":[0,0],"1":[0,0],"2":[0,0],"3":[0,0],"4":[0,0],"5":[0,0],"6":[0,0],"7":[0,0],"8":[0,0],"9":[0,0],"10":[0,0],"11":[0,0],"12":[0,0,0],"13":[0,0],"14":[0,0],"15":[0,0],"16":[0,0],"17":[0,0],"18":[0,0],"19":[0,0],"20":[0,0],"21":[0,0],"22":[0,0],"23":[0,0],"24":[0,0]}}
,"/Users/leonardorocha/Documents/TCC/projeto/frontend/src/components/StatusModal.js": {"path":"/Users/leonardorocha/Documents/TCC/projeto/frontend/src/components/StatusModal.js","statementMap":{"0":{"start":{"line":6,"column":46},"end":{"line":6,"column":58}},"1":{"start":{"line":8,"column":24},"end":{"line":13,"column":3}},"2":{"start":{"line":16,"column":2},"end":{"line":20,"column":15}},"3":{"start":{"line":17,"column":4},"end":{"line":19,"column":5}},"4":{"start":{"line":18,"column":6},"end":{"line":18,"column":28}},"5":{"start":{"line":22,"column":23},"end":{"line":38,"column":3}},"6":{"start":{"line":23,"column":4},"end":{"line":23,"column":23}},"7":{"start":{"line":24,"column":4},"end":{"line":27,"column":5}},"8":{"start":{"line":25,"column":6},"end":{"line":25,"column":53}},"9":{"start":{"line":26,"column":6},"end":{"line":26,"column":13}},"10":{"start":{"line":29,"column":23},"end":{"line":34,"column":5}},"11":{"start":{"line":36,"column":4},"end":{"line":36,"column":23}},"12":{"start":{"line":37,"column":4},"end":{"line":37,"column":14}},"13":{"start":{"line":40,"column":23},"end":{"line":43,"column":3}},"14":{"start":{"line":41,"column":4},"end":{"line":41,"column":26}},"15":{"start":{"line":42,"column":4},"end":{"line":42,"column":14}},"16":{"start":{"line":45,"column":2},"end":{"line":45,"column":27}},"17":{"start":{"line":45,"column":15},"end":{"line":45,"column":27}},"18":{"start":{"line":47,"column":2},"end":{"line":97,"column":4}},"19":{"start":{"line":68,"column":31},"end":{"line":68,"column":64}},"20":{"start":{"line":72,"column":16},"end":{"line":74,"column":25}}},"fnMap":{"0":{"name":"StatusModal","decl":{"start":{"line":5,"column":9},"end":{"line":5,"column":20}},"loc":{"start":{"line":5,"column":73},"end":{"line":98,"column":1}},"line":5},"1":{"name":"(anonymous_1)","decl":{"start":{"line":16,"column":12},"end":{"line":16,"column":13}},"loc":{"start":{"line":16,"column":18},"end":{"line":20,"column":3}},"line":16},"2":{"name":"(anonymous_2)","decl":{"start":{"line":22,"column":23},"end":{"line":22,"column":24}},"loc":{"start":{"line":22,"column":30},"end":{"line":38,"column":3}},"line":22},"3":{"name":"(anonymous_3)","decl":{"start":{"line":40,"column":23},"end":{"line":40,"column":24}},"loc":{"start":{"line":40,"column":29},"end":{"line":43,"column":3}},"line":40},"4":{"name":"(anonymous_4)","decl":{"start":{"line":68,"column":24},"end":{"line":68,"column":25}},"loc":{"start":{"line":68,"column":31},"end":{"line":68,"column":64}},"line":68},"5":{"name":"(anonymous_5)","decl":{"start":{"line":71,"column":33},"end":{"line":71,"column":34}},"loc":{"start":{"line":72,"column":16},"end":{"line":74,"column":25}},"line":72}},"branchMap":{"0":{"loc":{"start":{"line":17,"column":4},"end":{"line":19,"column":5}},"type":"if","locations":[{"start":{"line":17,"column":4},"end":{"line":19,"column":5}},{"start":{},"end":{}}],"line":17},"1":{"loc":{"start":{"line":24,"column":4},"end":{"line":27,"column":5}},"type":"if","locations":[{"start":{"line":24,"column":4},"end":{"line":27,"column":5}},{"start":{},"end":{}}],"line":24},"2":{"loc":{"start":{"line":45,"column":2},"end":{"line":45,"column":27}},"type":"if","locations":[{"start":{"line":45,"column":2},"end":{"line":45,"column":27}},{"start":{},"end":{}}],"line":45}},"s":{"0":7,"1":7,"2":7,"3":5,"4":4,"5":7,"6":1,"7":1,"8":1,"9":1,"10":0,"11":0,"12":0,"13":7,"14":1,"15":1,"16":7,"17":1,"18":6,"19":1,"20":24},"f":{"0":7,"1":5,"2":1,"3":1,"4":1,"5":24},"b":{"0":[4,1],"1":[1,0],"2":[1,6]},"_coverageSchema":"1a1c01bbd47fc00a2c39e90264f33305004495a9","hash":"c1be9a3f48ad04d8b33c58451e9feda5e749a253"}
,"/Users/leonardorocha/Documents/TCC/projeto/frontend/src/contexts/AuthContext.js": {"path":"/Users/leonardorocha/Documents/TCC/projeto/frontend/src/contexts/AuthContext.js","statementMap":{"0":{"start":{"line":4,"column":20},"end":{"line":4,"column":35}},"1":{"start":{"line":7,"column":18},"end":{"line":7,"column":41}},"2":{"start":{"line":8,"column":2},"end":{"line":10,"column":3}},"3":{"start":{"line":9,"column":4},"end":{"line":9,"column":72}},"4":{"start":{"line":11,"column":2},"end":{"line":11,"column":17}},"5":{"start":{"line":15,"column":26},"end":{"line":15,"column":40}},"6":{"start":{"line":16,"column":32},"end":{"line":16,"column":46}},"7":{"start":{"line":18,"column":2},"end":{"line":26,"column":9}},"8":{"start":{"line":19,"column":18},"end":{"line":19,"column":47}},"9":{"start":{"line":20,"column":4},"end":{"line":24,"column":5}},"10":{"start":{"line":21,"column":6},"end":{"line":21,"column":71}},"11":{"start":{"line":23,"column":6},"end":{"line":23,"column":25}},"12":{"start":{"line":25,"column":4},"end":{"line":25,"column":22}},"13":{"start":{"line":28,"column":16},"end":{"line":59,"column":3}},"14":{"start":{"line":29,"column":4},"end":{"line":58,"column":5}},"15":{"start":{"line":30,"column":23},"end":{"line":30,"column":70}},"16":{"start":{"line":31,"column":33},"end":{"line":31,"column":46}},"17":{"start":{"line":33,"column":6},"end":{"line":33,"column":43}},"18":{"start":{"line":34,"column":6},"end":{"line":34,"column":71}},"19":{"start":{"line":35,"column":6},"end":{"line":35,"column":37}},"20":{"start":{"line":37,"column":6},"end":{"line":37,"column":31}},"21":{"start":{"line":39,"column":25},"end":{"line":39,"column":46}},"22":{"start":{"line":41,"column":6},"end":{"line":52,"column":7}},"23":{"start":{"line":42,"column":26},"end":{"line":42,"column":45}},"24":{"start":{"line":43,"column":8},"end":{"line":49,"column":9}},"25":{"start":{"line":44,"column":10},"end":{"line":44,"column":35}},"26":{"start":{"line":45,"column":15},"end":{"line":49,"column":9}},"27":{"start":{"line":46,"column":10},"end":{"line":46,"column":98}},"28":{"start":{"line":48,"column":10},"end":{"line":48,"column":58}},"29":{"start":{"line":50,"column":13},"end":{"line":52,"column":7}},"30":{"start":{"line":51,"column":8},"end":{"line":51,"column":37}},"31":{"start":{"line":54,"column":6},"end":{"line":57,"column":8}},"32":{"start":{"line":61,"column":17},"end":{"line":65,"column":3}},"33":{"start":{"line":62,"column":4},"end":{"line":62,"column":37}},"34":{"start":{"line":63,"column":4},"end":{"line":63,"column":56}},"35":{"start":{"line":64,"column":4},"end":{"line":64,"column":18}},"36":{"start":{"line":67,"column":16},"end":{"line":72,"column":3}},"37":{"start":{"line":74,"column":2},"end":{"line":78,"column":4}}},"fnMap":{"0":{"name":"useAuth","decl":{"start":{"line":6,"column":16},"end":{"line":6,"column":23}},"loc":{"start":{"line":6,"column":26},"end":{"line":12,"column":1}},"line":6},"1":{"name":"AuthProvider","decl":{"start":{"line":14,"column":16},"end":{"line":14,"column":28}},"loc":{"start":{"line":14,"column":43},"end":{"line":79,"column":1}},"line":14},"2":{"name":"(anonymous_2)","decl":{"start":{"line":18,"column":12},"end":{"line":18,"column":13}},"loc":{"start":{"line":18,"column":18},"end":{"line":26,"column":3}},"line":18},"3":{"name":"(anonymous_3)","decl":{"start":{"line":28,"column":16},"end":{"line":28,"column":17}},"loc":{"start":{"line":28,"column":40},"end":{"line":59,"column":3}},"line":28},"4":{"name":"(anonymous_4)","decl":{"start":{"line":61,"column":17},"end":{"line":61,"column":18}},"loc":{"start":{"line":61,"column":23},"end":{"line":65,"column":3}},"line":61}},"branchMap":{"0":{"loc":{"start":{"line":8,"column":2},"end":{"line":10,"column":3}},"type":"if","locations":[{"start":{"line":8,"column":2},"end":{"line":10,"column":3}},{"start":{},"end":{}}],"line":8},"1":{"loc":{"start":{"line":20,"column":4},"end":{"line":24,"column":5}},"type":"if","locations":[{"start":{"line":20,"column":4},"end":{"line":24,"column":5}},{"start":{},"end":{}}],"line":20},"2":{"loc":{"start":{"line":41,"column":6},"end":{"line":52,"column":7}},"type":"if","locations":[{"start":{"line":41,"column":6},"end":{"line":52,"column":7}},{"start":{"line":50,"column":13},"end":{"line":52,"column":7}}],"line":41},"3":{"loc":{"start":{"line":43,"column":8},"end":{"line":49,"column":9}},"type":"if","locations":[{"start":{"line":43,"column":8},"end":{"line":49,"column":9}},{"start":{"line":45,"column":15},"end":{"line":49,"column":9}}],"line":43},"4":{"loc":{"start":{"line":45,"column":15},"end":{"line":49,"column":9}},"type":"if","locations":[{"start":{"line":45,"column":15},"end":{"line":49,"column":9}},{"start":{"line":47,"column":15},"end":{"line":49,"column":9}}],"line":45},"5":{"loc":{"start":{"line":45,"column":19},"end":{"line":45,"column":61}},"type":"binary-expr","locations":[{"start":{"line":45,"column":19},"end":{"line":45,"column":28}},{"start":{"line":45,"column":32},"end":{"line":45,"column":61}}],"line":45},"6":{"loc":{"start":{"line":46,"column":25},"end":{"line":46,"column":97}},"type":"binary-expr","locations":[{"start":{"line":46,"column":25},"end":{"line":46,"column":42}},{"start":{"line":46,"column":46},"end":{"line":46,"column":61}},{"start":{"line":46,"column":65},"end":{"line":46,"column":97}}],"line":46},"7":{"loc":{"start":{"line":50,"column":13},"end":{"line":52,"column":7}},"type":"if","locations":[{"start":{"line":50,"column":13},"end":{"line":52,"column":7}},{"start":{},"end":{}}],"line":50},"8":{"loc":{"start":{"line":50,"column":17},"end":{"line":50,"column":67}},"type":"binary-expr","locations":[{"start":{"line":50,"column":17},"end":{"line":50,"column":30}},{"start":{"line":50,"column":34},"end":{"line":50,"column":67}}],"line":50}},"s":{"0":2,"1":28,"2":27,"3":4,"4":23,"5":20,"6":20,"7":20,"8":9,"9":9,"10":2,"11":2,"12":9,"13":20,"14":1,"15":1,"16":1,"17":1,"18":1,"19":1,"20":1,"21":0,"22":0,"23":0,"24":0,"25":0,"26":0,"27":0,"28":0,"29":0,"30":0,"31":0,"32":20,"33":1,"34":1,"35":1,"36":20,"37":20},"f":{"0":28,"1":20,"2":9,"3":1,"4":1},"b":{"0":[4,23],"1":[2,7],"2":[0,0],"3":[0,0],"4":[0,0],"5":[0,0],"6":[0,0,0],"7":[0,0],"8":[0,0]},"_coverageSchema":"1a1c01bbd47fc00a2c39e90264f33305004495a9","hash":"a20199571ffe36e6f2566c8cb8933f0114937f06"}
,"/Users/leonardorocha/Documents/TCC/projeto/frontend/src/hooks/useSidebar.js": {"path":"/Users/leonardorocha/Documents/TCC/projeto/frontend/src/hooks/useSidebar.js","statementMap":{"0":{"start":{"line":4,"column":18},"end":{"line":4,"column":36}},"1":{"start":{"line":5,"column":2},"end":{"line":7,"column":4}}},"fnMap":{"0":{"name":"useSidebar","decl":{"start":{"line":3,"column":16},"end":{"line":3,"column":26}},"loc":{"start":{"line":3,"column":29},"end":{"line":8,"column":1}},"line":3}},"branchMap":{"0":{"loc":{"start":{"line":6,"column":21},"end":{"line":6,"column":53}},"type":"binary-expr","locations":[{"start":{"line":6,"column":21},"end":{"line":6,"column":45}},{"start":{"line":6,"column":49},"end":{"line":6,"column":53}}],"line":6}},"s":{"0":0,"1":0},"f":{"0":0},"b":{"0":[0,0]},"_coverageSchema":"1a1c01bbd47fc00a2c39e90264f33305004495a9","hash":"a477d8146be9ac0b82fe42c1dcdbae509c49c11f"}
,"/Users/leonardorocha/Documents/TCC/projeto/frontend/src/pages/Agenda.js": {"path":"/Users/leonardorocha/Documents/TCC/projeto/frontend/src/pages/Agenda.js","statementMap":{"0":{"start":{"line":20,"column":42},"end":{"line":20,"column":62}},"1":{"start":{"line":21,"column":30},"end":{"line":21,"column":42}},"2":{"start":{"line":24,"column":58},"end":{"line":42,"column":3}},"3":{"start":{"line":27,"column":6},"end":{"line":33,"column":7}},"4":{"start":{"line":28,"column":25},"end":{"line":28,"column":104}},"5":{"start":{"line":29,"column":8},"end":{"line":29,"column":29}},"6":{"start":{"line":31,"column":8},"end":{"line":31,"column":57}},"7":{"start":{"line":32,"column":8},"end":{"line":32,"column":56}},"8":{"start":{"line":39,"column":8},"end":{"line":39,"column":69}},"9":{"start":{"line":45,"column":21},"end":{"line":45,"column":87}},"10":{"start":{"line":48,"column":2},"end":{"line":50,"column":3}},"11":{"start":{"line":49,"column":4},"end":{"line":49,"column":67}},"12":{"start":{"line":52,"column":21},"end":{"line":67,"column":3}},"13":{"start":{"line":53,"column":4},"end":{"line":66,"column":5}},"14":{"start":{"line":54,"column":6},"end":{"line":56,"column":7}},"15":{"start":{"line":55,"column":8},"end":{"line":55,"column":31}},"16":{"start":{"line":57,"column":6},"end":{"line":62,"column":9}},"17":{"start":{"line":64,"column":6},"end":{"line":64,"column":53}},"18":{"start":{"line":65,"column":6},"end":{"line":65,"column":29}},"19":{"start":{"line":69,"column":22},"end":{"line":82,"column":3}},"20":{"start":{"line":70,"column":4},"end":{"line":81,"column":5}},"21":{"start":{"line":72,"column":8},"end":{"line":72,"column":45}},"22":{"start":{"line":74,"column":8},"end":{"line":74,"column":44}},"23":{"start":{"line":76,"column":8},"end":{"line":76,"column":45}},"24":{"start":{"line":78,"column":8},"end":{"line":78,"column":45}},"25":{"start":{"line":80,"column":8},"end":{"line":80,"column":48}},"26":{"start":{"line":84,"column":23},"end":{"line":97,"column":3}},"27":{"start":{"line":85,"column":4},"end":{"line":96,"column":5}},"28":{"start":{"line":87,"column":8},"end":{"line":87,"column":43}},"29":{"start":{"line":89,"column":8},"end":{"line":89,"column":45}},"30":{"start":{"line":91,"column":8},"end":{"line":91,"column":47}},"31":{"start":{"line":93,"column":8},"end":{"line":93,"column":45}},"32":{"start":{"line":95,"column":8},"end":{"line":95,"column":43}},"33":{"start":{"line":99,"column":21},"end":{"line":103,"column":3}},"34":{"start":{"line":100,"column":20},"end":{"line":100,"column":42}},"35":{"start":{"line":101,"column":4},"end":{"line":101,"column":51}},"36":{"start":{"line":102,"column":4},"end":{"line":102,"column":29}},"37":{"start":{"line":105,"column":30},"end":{"line":118,"column":3}},"38":{"start":{"line":106,"column":4},"end":{"line":117,"column":5}},"39":{"start":{"line":108,"column":6},"end":{"line":108,"column":66}},"40":{"start":{"line":111,"column":6},"end":{"line":111,"column":16}},"41":{"start":{"line":113,"column":6},"end":{"line":113,"column":68}},"42":{"start":{"line":115,"column":6},"end":{"line":115,"column":71}},"43":{"start":{"line":116,"column":6},"end":{"line":116,"column":55}},"44":{"start":{"line":120,"column":2},"end":{"line":126,"column":3}},"45":{"start":{"line":121,"column":4},"end":{"line":125,"column":6}},"46":{"start":{"line":128,"column":2},"end":{"line":141,"column":3}},"47":{"start":{"line":129,"column":4},"end":{"line":129,"column":43}},"48":{"start":{"line":130,"column":4},"end":{"line":140,"column":6}},"49":{"start":{"line":143,"column":2},"end":{"line":325,"column":4}},"50":{"start":{"line":170,"column":29},"end":{"line":170,"column":43}},"51":{"start":{"line":179,"column":29},"end":{"line":179,"column":42}},"52":{"start":{"line":211,"column":18},"end":{"line":274,"column":24}},"53":{"start":{"line":262,"column":43},"end":{"line":262,"column":76}},"54":{"start":{"line":303,"column":75},"end":{"line":303,"column":100}},"55":{"start":{"line":317,"column":74},"end":{"line":317,"column":98}}},"fnMap":{"0":{"name":"Agenda","decl":{"start":{"line":19,"column":9},"end":{"line":19,"column":15}},"loc":{"start":{"line":19,"column":18},"end":{"line":326,"column":1}},"line":19},"1":{"name":"(anonymous_1)","decl":{"start":{"line":26,"column":4},"end":{"line":26,"column":5}},"loc":{"start":{"line":26,"column":16},"end":{"line":34,"column":5}},"line":26},"2":{"name":"(anonymous_2)","decl":{"start":{"line":38,"column":15},"end":{"line":38,"column":16}},"loc":{"start":{"line":38,"column":26},"end":{"line":40,"column":7}},"line":38},"3":{"name":"(anonymous_3)","decl":{"start":{"line":52,"column":21},"end":{"line":52,"column":22}},"loc":{"start":{"line":52,"column":31},"end":{"line":67,"column":3}},"line":52},"4":{"name":"(anonymous_4)","decl":{"start":{"line":69,"column":22},"end":{"line":69,"column":23}},"loc":{"start":{"line":69,"column":32},"end":{"line":82,"column":3}},"line":69},"5":{"name":"(anonymous_5)","decl":{"start":{"line":84,"column":23},"end":{"line":84,"column":24}},"loc":{"start":{"line":84,"column":33},"end":{"line":97,"column":3}},"line":84},"6":{"name":"(anonymous_6)","decl":{"start":{"line":99,"column":21},"end":{"line":99,"column":22}},"loc":{"start":{"line":99,"column":31},"end":{"line":103,"column":3}},"line":99},"7":{"name":"(anonymous_7)","decl":{"start":{"line":105,"column":30},"end":{"line":105,"column":31}},"loc":{"start":{"line":105,"column":53},"end":{"line":118,"column":3}},"line":105},"8":{"name":"(anonymous_8)","decl":{"start":{"line":170,"column":23},"end":{"line":170,"column":24}},"loc":{"start":{"line":170,"column":29},"end":{"line":170,"column":43}},"line":170},"9":{"name":"(anonymous_9)","decl":{"start":{"line":179,"column":23},"end":{"line":179,"column":24}},"loc":{"start":{"line":179,"column":29},"end":{"line":179,"column":42}},"line":179},"10":{"name":"(anonymous_10)","decl":{"start":{"line":210,"column":32},"end":{"line":210,"column":33}},"loc":{"start":{"line":211,"column":18},"end":{"line":274,"column":24}},"line":211},"11":{"name":"(anonymous_11)","decl":{"start":{"line":262,"column":37},"end":{"line":262,"column":38}},"loc":{"start":{"line":262,"column":43},"end":{"line":262,"column":76}},"line":262},"12":{"name":"(anonymous_12)","decl":{"start":{"line":303,"column":70},"end":{"line":303,"column":71}},"loc":{"start":{"line":303,"column":75},"end":{"line":303,"column":100}},"line":303},"13":{"name":"(anonymous_13)","decl":{"start":{"line":317,"column":69},"end":{"line":317,"column":70}},"loc":{"start":{"line":317,"column":74},"end":{"line":317,"column":98}},"line":317}},"branchMap":{"0":{"loc":{"start":{"line":45,"column":21},"end":{"line":45,"column":87}},"type":"cond-expr","locations":[{"start":{"line":45,"column":61},"end":{"line":45,"column":82}},{"start":{"line":45,"column":85},"end":{"line":45,"column":87}}],"line":45},"1":{"loc":{"start":{"line":48,"column":2},"end":{"line":50,"column":3}},"type":"if","locations":[{"start":{"line":48,"column":2},"end":{"line":50,"column":3}},{"start":{},"end":{}}],"line":48},"2":{"loc":{"start":{"line":48,"column":6},"end":{"line":48,"column":57}},"type":"binary-expr","locations":[{"start":{"line":48,"column":6},"end":{"line":48,"column":16}},{"start":{"line":48,"column":20},"end":{"line":48,"column":57}}],"line":48},"3":{"loc":{"start":{"line":54,"column":6},"end":{"line":56,"column":7}},"type":"if","locations":[{"start":{"line":54,"column":6},"end":{"line":56,"column":7}},{"start":{},"end":{}}],"line":54},"4":{"loc":{"start":{"line":54,"column":10},"end":{"line":54,"column":42}},"type":"binary-expr","locations":[{"start":{"line":54,"column":10},"end":{"line":54,"column":15}},{"start":{"line":54,"column":19},"end":{"line":54,"column":42}}],"line":54},"5":{"loc":{"start":{"line":70,"column":4},"end":{"line":81,"column":5}},"type":"switch","locations":[{"start":{"line":71,"column":6},"end":{"line":72,"column":45}},{"start":{"line":73,"column":6},"end":{"line":74,"column":44}},{"start":{"line":75,"column":6},"end":{"line":76,"column":45}},{"start":{"line":77,"column":6},"end":{"line":78,"column":45}},{"start":{"line":79,"column":6},"end":{"line":80,"column":48}}],"line":70},"6":{"loc":{"start":{"line":85,"column":4},"end":{"line":96,"column":5}},"type":"switch","locations":[{"start":{"line":86,"column":6},"end":{"line":87,"column":43}},{"start":{"line":88,"column":6},"end":{"line":89,"column":45}},{"start":{"line":90,"column":6},"end":{"line":91,"column":47}},{"start":{"line":92,"column":6},"end":{"line":93,"column":45}},{"start":{"line":94,"column":6},"end":{"line":95,"column":43}}],"line":85},"7":{"loc":{"start":{"line":120,"column":2},"end":{"line":126,"column":3}},"type":"if","locations":[{"start":{"line":120,"column":2},"end":{"line":126,"column":3}},{"start":{},"end":{}}],"line":120},"8":{"loc":{"start":{"line":128,"column":2},"end":{"line":141,"column":3}},"type":"if","locations":[{"start":{"line":128,"column":2},"end":{"line":141,"column":3}},{"start":{},"end":{}}],"line":128},"9":{"loc":{"start":{"line":146,"column":169},"end":{"line":146,"column":202}},"type":"cond-expr","locations":[{"start":{"line":146,"column":187},"end":{"line":146,"column":193}},{"start":{"line":146,"column":196},"end":{"line":146,"column":202}}],"line":146},"10":{"loc":{"start":{"line":165,"column":85},"end":{"line":165,"column":116}},"type":"cond-expr","locations":[{"start":{"line":165,"column":103},"end":{"line":165,"column":108}},{"start":{"line":165,"column":111},"end":{"line":165,"column":116}}],"line":165},"11":{"loc":{"start":{"line":176,"column":15},"end":{"line":176,"column":88}},"type":"cond-expr","locations":[{"start":{"line":176,"column":30},"end":{"line":176,"column":70}},{"start":{"line":176,"column":73},"end":{"line":176,"column":88}}],"line":176},"12":{"loc":{"start":{"line":203,"column":13},"end":{"line":277,"column":13}},"type":"cond-expr","locations":[{"start":{"line":204,"column":14},"end":{"line":207,"column":20}},{"start":{"line":209,"column":14},"end":{"line":276,"column":20}}],"line":203},"13":{"loc":{"start":{"line":214,"column":22},"end":{"line":216,"column":54}},"type":"cond-expr","locations":[{"start":{"line":215,"column":26},"end":{"line":215,"column":56}},{"start":{"line":216,"column":26},"end":{"line":216,"column":54}}],"line":214},"14":{"loc":{"start":{"line":223,"column":38},"end":{"line":223,"column":61}},"type":"binary-expr","locations":[{"start":{"line":223,"column":38},"end":{"line":223,"column":55}},{"start":{"line":223,"column":59},"end":{"line":223,"column":61}}],"line":223},"15":{"loc":{"start":{"line":232,"column":40},"end":{"line":232,"column":60}},"type":"binary-expr","locations":[{"start":{"line":232,"column":40},"end":{"line":232,"column":54}},{"start":{"line":232,"column":58},"end":{"line":232,"column":60}}],"line":232},"16":{"loc":{"start":{"line":237,"column":40},"end":{"line":237,"column":64}},"type":"binary-expr","locations":[{"start":{"line":237,"column":40},"end":{"line":237,"column":58}},{"start":{"line":237,"column":62},"end":{"line":237,"column":64}}],"line":237},"17":{"loc":{"start":{"line":242,"column":32},"end":{"line":242,"column":54}},"type":"binary-expr","locations":[{"start":{"line":242,"column":32},"end":{"line":242,"column":48}},{"start":{"line":242,"column":52},"end":{"line":242,"column":54}}],"line":242},"18":{"loc":{"start":{"line":246,"column":32},"end":{"line":246,"column":57}},"type":"binary-expr","locations":[{"start":{"line":246,"column":32},"end":{"line":246,"column":51}},{"start":{"line":246,"column":55},"end":{"line":246,"column":57}}],"line":246},"19":{"loc":{"start":{"line":252,"column":23},"end":{"line":272,"column":23}},"type":"cond-expr","locations":[{"start":{"line":253,"column":24},"end":{"line":258,"column":30}},{"start":{"line":260,"column":24},"end":{"line":271,"column":30}}],"line":252},"20":{"loc":{"start":{"line":290,"column":71},"end":{"line":290,"column":114}},"type":"binary-expr","locations":[{"start":{"line":290,"column":71},"end":{"line":290,"column":88}},{"start":{"line":290,"column":92},"end":{"line":290,"column":109}},{"start":{"line":290,"column":113},"end":{"line":290,"column":114}}],"line":290},"21":{"loc":{"start":{"line":303,"column":26},"end":{"line":303,"column":113}},"type":"binary-expr","locations":[{"start":{"line":303,"column":26},"end":{"line":303,"column":48}},{"start":{"line":303,"column":52},"end":{"line":303,"column":108}},{"start":{"line":303,"column":112},"end":{"line":303,"column":113}}],"line":303},"22":{"loc":{"start":{"line":317,"column":26},"end":{"line":317,"column":111}},"type":"binary-expr","locations":[{"start":{"line":317,"column":26},"end":{"line":317,"column":47}},{"start":{"line":317,"column":51},"end":{"line":317,"column":106}},{"start":{"line":317,"column":110},"end":{"line":317,"column":111}}],"line":317}},"s":{"0":0,"1":0,"2":0,"3":0,"4":0,"5":0,"6":0,"7":0,"8":0,"9":0,"10":0,"11":0,"12":0,"13":0,"14":0,"15":0,"16":0,"17":0,"18":0,"19":0,"20":0,"21":0,"22":0,"23":0,"24":0,"25":0,"26":0,"27":0,"28":0,"29":0,"30":0,"31":0,"32":0,"33":0,"34":0,"35":0,"36":0,"37":0,"38":0,"39":0,"40":0,"41":0,"42":0,"43":0,"44":0,"45":0,"46":0,"47":0,"48":0,"49":0,"50":0,"51":0,"52":0,"53":0,"54":0,"55":0},"f":{"0":0,"1":0,"2":0,"3":0,"4":0,"5":0,"6":0,"7":0,"8":0,"9":0,"10":0,"11":0,"12":0,"13":0},"b":{"0":[0,0],"1":[0,0],"2":[0,0],"3":[0,0],"4":[0,0],"5":[0,0,0,0,0],"6":[0,0,0,0,0],"7":[0,0],"8":[0,0],"9":[0,0],"10":[0,0],"11":[0,0],"12":[0,0],"13":[0,0],"14":[0,0],"15":[0,0],"16":[0,0],"17":[0,0],"18":[0,0],"19":[0,0],"20":[0,0,0],"21":[0,0,0],"22":[0,0,0]}}
,"/Users/leonardorocha/Documents/TCC/projeto/frontend/src/pages/Configuracoes.js": {"path":"/Users/leonardorocha/Documents/TCC/projeto/frontend/src/pages/Configuracoes.js","statementMap":{"0":{"start":{"line":5,"column":25},"end":{"line":60,"column":3}},"1":{"start":{"line":62,"column":2},"end":{"line":141,"column":4}},"2":{"start":{"line":82,"column":25},"end":{"line":82,"column":37}},"3":{"start":{"line":83,"column":12},"end":{"line":101,"column":14}},"4":{"start":{"line":95,"column":20},"end":{"line":97,"column":25}}},"fnMap":{"0":{"name":"Configuracoes","decl":{"start":{"line":4,"column":9},"end":{"line":4,"column":22}},"loc":{"start":{"line":4,"column":25},"end":{"line":142,"column":1}},"line":4},"1":{"name":"(anonymous_1)","decl":{"start":{"line":81,"column":30},"end":{"line":81,"column":31}},"loc":{"start":{"line":81,"column":50},"end":{"line":102,"column":11}},"line":81},"2":{"name":"(anonymous_2)","decl":{"start":{"line":94,"column":37},"end":{"line":94,"column":38}},"loc":{"start":{"line":95,"column":20},"end":{"line":97,"column":25}},"line":95}},"branchMap":{},"s":{"0":0,"1":0,"2":0,"3":0,"4":0},"f":{"0":0,"1":0,"2":0},"b":{}}
,"/Users/leonardorocha/Documents/TCC/projeto/frontend/src/pages/Dashboard.js": {"path":"/Users/leonardorocha/Documents/TCC/projeto/frontend/src/pages/Dashboard.js","statementMap":{"0":{"start":{"line":19,"column":19},"end":{"line":19,"column":32}},"1":{"start":{"line":20,"column":30},"end":{"line":20,"column":42}},"2":{"start":{"line":23,"column":53},"end":{"line":30,"column":3}},"3":{"start":{"line":25,"column":10},"end":{"line":25,"column":59}},"4":{"start":{"line":25,"column":50},"end":{"line":25,"column":58}},"5":{"start":{"line":33,"column":32},"end":{"line":39,"column":3}},"6":{"start":{"line":35,"column":10},"end":{"line":35,"column":72}},"7":{"start":{"line":35,"column":63},"end":{"line":35,"column":71}},"8":{"start":{"line":42,"column":23},"end":{"line":91,"column":3}},"9":{"start":{"line":94,"column":27},"end":{"line":121,"column":3}},"10":{"start":{"line":95,"column":4},"end":{"line":95,"column":54}},"11":{"start":{"line":95,"column":44},"end":{"line":95,"column":54}},"12":{"start":{"line":97,"column":22},"end":{"line":97,"column":24}},"13":{"start":{"line":98,"column":21},"end":{"line":98,"column":47}},"14":{"start":{"line":101,"column":4},"end":{"line":103,"column":7}},"15":{"start":{"line":102,"column":6},"end":{"line":102,"column":30}},"16":{"start":{"line":106,"column":4},"end":{"line":118,"column":7}},"17":{"start":{"line":107,"column":25},"end":{"line":107,"column":46}},"18":{"start":{"line":108,"column":18},"end":{"line":108,"column":42}},"19":{"start":{"line":109,"column":19},"end":{"line":109,"column":66}},"20":{"start":{"line":111,"column":6},"end":{"line":117,"column":9}},"21":{"start":{"line":112,"column":27},"end":{"line":112,"column":46}},"22":{"start":{"line":113,"column":8},"end":{"line":116,"column":11}},"23":{"start":{"line":120,"column":4},"end":{"line":120,"column":21}},"24":{"start":{"line":123,"column":20},"end":{"line":123,"column":38}},"25":{"start":{"line":126,"column":2},"end":{"line":179,"column":31}},"26":{"start":{"line":127,"column":28},"end":{"line":175,"column":5}},"27":{"start":{"line":128,"column":6},"end":{"line":174,"column":7}},"28":{"start":{"line":129,"column":8},"end":{"line":170,"column":9}},"29":{"start":{"line":130,"column":24},"end":{"line":166,"column":12}},"30":{"start":{"line":148,"column":66},"end":{"line":154,"column":13}},"31":{"start":{"line":150,"column":69},"end":{"line":150,"column":84}},"32":{"start":{"line":158,"column":16},"end":{"line":162,"column":17}},"33":{"start":{"line":159,"column":18},"end":{"line":159,"column":47}},"34":{"start":{"line":161,"column":18},"end":{"line":161,"column":46}},"35":{"start":{"line":163,"column":16},"end":{"line":163,"column":31}},"36":{"start":{"line":167,"column":10},"end":{"line":167,"column":25}},"37":{"start":{"line":169,"column":10},"end":{"line":169,"column":61}},"38":{"start":{"line":173,"column":8},"end":{"line":173,"column":41}},"39":{"start":{"line":178,"column":4},"end":{"line":178,"column":37}},"40":{"start":{"line":182,"column":2},"end":{"line":191,"column":3}},"41":{"start":{"line":183,"column":4},"end":{"line":190,"column":6}},"42":{"start":{"line":194,"column":2},"end":{"line":206,"column":3}},"43":{"start":{"line":195,"column":4},"end":{"line":205,"column":6}},"44":{"start":{"line":208,"column":2},"end":{"line":291,"column":4}},"45":{"start":{"line":224,"column":27},"end":{"line":224,"column":46}},"46":{"start":{"line":239,"column":12},"end":{"line":271,"column":18}}},"fnMap":{"0":{"name":"Dashboard","decl":{"start":{"line":18,"column":9},"end":{"line":18,"column":18}},"loc":{"start":{"line":18,"column":21},"end":{"line":292,"column":1}},"line":18},"1":{"name":"(anonymous_1)","decl":{"start":{"line":25,"column":4},"end":{"line":25,"column":5}},"loc":{"start":{"line":25,"column":10},"end":{"line":25,"column":59}},"line":25},"2":{"name":"(anonymous_2)","decl":{"start":{"line":25,"column":43},"end":{"line":25,"column":44}},"loc":{"start":{"line":25,"column":50},"end":{"line":25,"column":58}},"line":25},"3":{"name":"(anonymous_3)","decl":{"start":{"line":35,"column":4},"end":{"line":35,"column":5}},"loc":{"start":{"line":35,"column":10},"end":{"line":35,"column":72}},"line":35},"4":{"name":"(anonymous_4)","decl":{"start":{"line":35,"column":56},"end":{"line":35,"column":57}},"loc":{"start":{"line":35,"column":63},"end":{"line":35,"column":71}},"line":35},"5":{"name":"(anonymous_5)","decl":{"start":{"line":94,"column":27},"end":{"line":94,"column":28}},"loc":{"start":{"line":94,"column":33},"end":{"line":121,"column":3}},"line":94},"6":{"name":"(anonymous_6)","decl":{"start":{"line":101,"column":21},"end":{"line":101,"column":22}},"loc":{"start":{"line":101,"column":32},"end":{"line":103,"column":5}},"line":101},"7":{"name":"(anonymous_7)","decl":{"start":{"line":106,"column":30},"end":{"line":106,"column":31}},"loc":{"start":{"line":106,"column":39},"end":{"line":118,"column":5}},"line":106},"8":{"name":"(anonymous_8)","decl":{"start":{"line":111,"column":23},"end":{"line":111,"column":24}},"loc":{"start":{"line":111,"column":34},"end":{"line":117,"column":7}},"line":111},"9":{"name":"(anonymous_9)","decl":{"start":{"line":126,"column":12},"end":{"line":126,"column":13}},"loc":{"start":{"line":126,"column":18},"end":{"line":179,"column":3}},"line":126},"10":{"name":"(anonymous_10)","decl":{"start":{"line":127,"column":28},"end":{"line":127,"column":29}},"loc":{"start":{"line":127,"column":34},"end":{"line":175,"column":5}},"line":127},"11":{"name":"(anonymous_11)","decl":{"start":{"line":148,"column":45},"end":{"line":148,"column":46}},"loc":{"start":{"line":148,"column":66},"end":{"line":154,"column":13}},"line":148},"12":{"name":"(anonymous_12)","decl":{"start":{"line":150,"column":64},"end":{"line":150,"column":65}},"loc":{"start":{"line":150,"column":69},"end":{"line":150,"column":84}},"line":150},"13":{"name":"(anonymous_13)","decl":{"start":{"line":157,"column":25},"end":{"line":157,"column":26}},"loc":{"start":{"line":157,"column":38},"end":{"line":164,"column":15}},"line":157},"14":{"name":"(anonymous_14)","decl":{"start":{"line":224,"column":21},"end":{"line":224,"column":22}},"loc":{"start":{"line":224,"column":27},"end":{"line":224,"column":46}},"line":224},"15":{"name":"(anonymous_15)","decl":{"start":{"line":238,"column":28},"end":{"line":238,"column":29}},"loc":{"start":{"line":239,"column":12},"end":{"line":271,"column":18}},"line":239}},"branchMap":{"0":{"loc":{"start":{"line":46,"column":13},"end":{"line":46,"column":47}},"type":"binary-expr","locations":[{"start":{"line":46,"column":13},"end":{"line":46,"column":42}},{"start":{"line":46,"column":46},"end":{"line":46,"column":47}}],"line":46},"1":{"loc":{"start":{"line":54,"column":13},"end":{"line":54,"column":47}},"type":"binary-expr","locations":[{"start":{"line":54,"column":13},"end":{"line":54,"column":42}},{"start":{"line":54,"column":46},"end":{"line":54,"column":47}}],"line":54},"2":{"loc":{"start":{"line":62,"column":17},"end":{"line":62,"column":61}},"type":"binary-expr","locations":[{"start":{"line":62,"column":17},"end":{"line":62,"column":56}},{"start":{"line":62,"column":60},"end":{"line":62,"column":61}}],"line":62},"3":{"loc":{"start":{"line":70,"column":20},"end":{"line":70,"column":62}},"type":"binary-expr","locations":[{"start":{"line":70,"column":20},"end":{"line":70,"column":57}},{"start":{"line":70,"column":61},"end":{"line":70,"column":62}}],"line":70},"4":{"loc":{"start":{"line":78,"column":13},"end":{"line":78,"column":43}},"type":"binary-expr","locations":[{"start":{"line":78,"column":13},"end":{"line":78,"column":38}},{"start":{"line":78,"column":42},"end":{"line":78,"column":43}}],"line":78},"5":{"loc":{"start":{"line":86,"column":20},"end":{"line":86,"column":51}},"type":"binary-expr","locations":[{"start":{"line":86,"column":20},"end":{"line":86,"column":46}},{"start":{"line":86,"column":50},"end":{"line":86,"column":51}}],"line":86},"6":{"loc":{"start":{"line":95,"column":4},"end":{"line":95,"column":54}},"type":"if","locations":[{"start":{"line":95,"column":4},"end":{"line":95,"column":54}},{"start":{},"end":{}}],"line":95},"7":{"loc":{"start":{"line":95,"column":8},"end":{"line":95,"column":42}},"type":"binary-expr","locations":[{"start":{"line":95,"column":8},"end":{"line":95,"column":20}},{"start":{"line":95,"column":24},"end":{"line":95,"column":42}}],"line":95},"8":{"loc":{"start":{"line":98,"column":21},"end":{"line":98,"column":47}},"type":"binary-expr","locations":[{"start":{"line":98,"column":21},"end":{"line":98,"column":41}},{"start":{"line":98,"column":45},"end":{"line":98,"column":47}}],"line":98},"9":{"loc":{"start":{"line":112,"column":27},"end":{"line":112,"column":46}},"type":"binary-expr","locations":[{"start":{"line":112,"column":27},"end":{"line":112,"column":41}},{"start":{"line":112,"column":45},"end":{"line":112,"column":46}}],"line":112},"10":{"loc":{"start":{"line":128,"column":6},"end":{"line":174,"column":7}},"type":"if","locations":[{"start":{"line":128,"column":6},"end":{"line":174,"column":7}},{"start":{"line":171,"column":13},"end":{"line":174,"column":7}}],"line":128},"11":{"loc":{"start":{"line":128,"column":10},"end":{"line":128,"column":95}},"type":"binary-expr","locations":[{"start":{"line":128,"column":10},"end":{"line":128
[...]
)","decl":{"start":{"line":91,"column":4},"end":{"line":91,"column":5}},"loc":{"start":{"line":91,"column":10},"end":{"line":96,"column":5}},"line":91},"17":{"name":"(anonymous_17)","decl":{"start":{"line":95,"column":79},"end":{"line":95,"column":80}},"loc":{"start":{"line":95,"column":86},"end":{"line":95,"column":94}},"line":95},"18":{"name":"(anonymous_18)","decl":{"start":{"line":105,"column":4},"end":{"line":105,"column":5}},"loc":{"start":{"line":105,"column":10},"end":{"line":105,"column":72}},"line":105},"19":{"name":"(anonymous_19)","decl":{"start":{"line":105,"column":56},"end":{"line":105,"column":57}},"loc":{"start":{"line":105,"column":63},"end":{"line":105,"column":71}},"line":105},"20":{"name":"(anonymous_20)","decl":{"start":{"line":115,"column":28},"end":{"line":115,"column":29}},"loc":{"start":{"line":115,"column":41},"end":{"line":134,"column":3}},"line":115},"21":{"name":"(anonymous_21)","decl":{"start":{"line":212,"column":21},"end":{"line":212,"column":22}},"loc":{"start":{"line":212,"column":27},"end":{"line":212,"column":61}},"line":212},"22":{"name":"(anonymous_22)","decl":{"start":{"line":219,"column":21},"end":{"line":219,"column":22}},"loc":{"start":{"line":219,"column":27},"end":{"line":219,"column":51}},"line":219},"23":{"name":"(anonymous_23)","decl":{"start":{"line":226,"column":21},"end":{"line":226,"column":22}},"loc":{"start":{"line":226,"column":27},"end":{"line":226,"column":46}},"line":226},"24":{"name":"(anonymous_24)","decl":{"start":{"line":243,"column":26},"end":{"line":243,"column":27}},"loc":{"start":{"line":243,"column":33},"end":{"line":243,"column":62}},"line":243},"25":{"name":"(anonymous_25)","decl":{"start":{"line":256,"column":26},"end":{"line":256,"column":27}},"loc":{"start":{"line":256,"column":33},"end":{"line":256,"column":64}},"line":256},"26":{"name":"(anonymous_26)","decl":{"start":{"line":266,"column":25},"end":{"line":266,"column":26}},"loc":{"start":{"line":266,"column":31},"end":{"line":269,"column":17}},"line":266},"27":{"name":"(anonymous_27)","decl":{"start":{"line":283,"column":28},"end":{"line":283,"column":29}},"loc":{"start":{"line":283,"column":38},"end":{"line":302,"column":11}},"line":283},"28":{"name":"(anonymous_28)","decl":{"start":{"line":361,"column":50},"end":{"line":361,"column":51}},"loc":{"start":{"line":361,"column":67},"end":{"line":388,"column":15}},"line":361},"29":{"name":"(anonymous_29)","decl":{"start":{"line":362,"column":79},"end":{"line":362,"column":80}},"loc":{"start":{"line":362,"column":92},"end":{"line":362,"column":106}},"line":362},"30":{"name":"(anonymous_30)","decl":{"start":{"line":400,"column":40},"end":{"line":400,"column":41}},"loc":{"start":{"line":400,"column":57},"end":{"line":419,"column":15}},"line":400},"31":{"name":"(anonymous_31)","decl":{"start":{"line":401,"column":69},"end":{"line":401,"column":70}},"loc":{"start":{"line":401,"column":74},"end":{"line":401,"column":82}},"line":401},"32":{"name":"(anonymous_32)","decl":{"start":{"line":456,"column":46},"end":{"line":456,"column":47}},"loc":{"start":{"line":456,"column":63},"end":{"line":475,"column":13}},"line":456},"33":{"name":"(anonymous_33)","decl":{"start":{"line":457,"column":79},"end":{"line":457,"column":80}},"loc":{"start":{"line":457,"column":84},"end":{"line":457,"column":96}},"line":457},"34":{"name":"(anonymous_34)","decl":{"start":{"line":499,"column":25},"end":{"line":499,"column":26}},"loc":{"start":{"line":499,"column":31},"end":{"line":499,"column":57}},"line":499},"35":{"name":"(anonymous_35)","decl":{"start":{"line":506,"column":25},"end":{"line":506,"column":26}},"loc":{"start":{"line":506,"column":31},"end":{"line":506,"column":55}},"line":506},"36":{"name":"(anonymous_36)","decl":{"start":{"line":536,"column":51},"end":{"line":536,"column":52}},"loc":{"start":{"line":537,"column":18},"end":{"line":563,"column":23}},"line":537}},"branchMap":{"0":{"loc":{"start":{"line":71,"column":30},"end":{"line":71,"column":54}},"type":"binary-expr","locations":[{"start":{"line":71,"column":30},"end":{"line":71,"column":49}},{"start":{"line":71,"column":53},"end":{"line":71,"column":54}}],"line":71},"1":{"loc":{"start":{"line":75,"column":29},"end":{"line":75,"column":49}},"type":"binary-expr","locations":[{"start":{"line":75,"column":29},"end":{"line":75,"column":44}},{"start":{"line":75,"column":48},"end":{"line":75,"column":49}}],"line":75},"2":{"loc":{"start":{"line":77,"column":23},"end":{"line":77,"column":55}},"type":"binary-expr","locations":[{"start":{"line":77,"column":23},"end":{"line":77,"column":50}},{"start":{"line":77,"column":54},"end":{"line":77,"column":55}}],"line":77},"3":{"loc":{"start":{"line":78,"column":29},"end":{"line":78,"column":61}},"type":"binary-expr","locations":[{"start":{"line":78,"column":29},"end":{"line":78,"column":56}},{"start":{"line":78,"column":60},"end":{"line":78,"column":61}}],"line":78},"4":{"loc":{"start":{"line":78,"column":66},"end":{"line":78,"column":87}},"type":"binary-expr","locations":[{"start":{"line":78,"column":66},"end":{"line":78,"column":82}},{"start":{"line":78,"column":86},"end":{"line":78,"column":87}}],"line":78},"5":{"loc":{"start":{"line":79,"column":20},"end":{"line":79,"column":41}},"type":"binary-expr","locations":[{"start":{"line":79,"column":20},"end":{"line":79,"column":36}},{"start":{"line":79,"column":40},"end":{"line":79,"column":41}}],"line":79},"6":{"loc":{"start":{"line":80,"column":24},"end":{"line":80,"column":58}},"type":"binary-expr","locations":[{"start":{"line":80,"column":24},"end":{"line":80,"column":53}},{"start":{"line":80,"column":57},"end":{"line":80,"column":58}}],"line":80},"7":{"loc":{"start":{"line":92,"column":20},"end":{"line":94,"column":55}},"type":"cond-expr","locations":[{"start":{"line":92,"column":55},"end":{"line":92,"column":56}},{"start":{"line":93,"column":19},"end":{"line":94,"column":55}}],"line":92},"8":{"loc":{"start":{"line":93,"column":19},"end":{"line":94,"column":55}},"type":"cond-expr","locations":[{"start":{"line":93,"column":49},"end":{"line":93,"column":50}},{"start":{"line":94,"column":19},"end":{"line":94,"column":55}}],"line":93},"9":{"loc":{"start":{"line":94,"column":19},"end":{"line":94,"column":55}},"type":"cond-expr","locations":[{"start":{"line":94,"column":49},"end":{"line":94,"column":51}},{"start":{"line":94,"column":54},"end":{"line":94,"column":55}}],"line":94},"10":{"loc":{"start":{"line":111,"column":20},"end":{"line":112,"column":101}},"type":"binary-expr","locations":[{"start":{"line":111,"column":20},"end":{"line":111,"column":34}},{"start":{"line":111,"column":38},"end":{"line":111,"column":60}},{"start":{"line":111,"column":64},"end":{"line":111,"column":79}},{"start":{"line":112,"column":19},"end":{"line":112,"column":39}},{"start":{"line":112,"column":43},"end":{"line":112,"column":58}},{"start":{"line":112,"column":62},"end":{"line":112,"column":81}},{"start":{"line":112,"column":85},"end":{"line":112,"column":101}}],"line":111},"11":{"loc":{"start":{"line":125,"column":4},"end":{"line":133,"column":5}},"type":"if","locations":[{"start":{"line":125,"column":4},"end":{"line":133,"column":5}},{"start":{"line":129,"column":11},"end":{"line":133,"column":5}}],"line":125},"12":{"loc":{"start":{"line":129,"column":11},"end":{"line":133,"column":5}},"type":"if","locations":[{"start":{"line":129,"column":11},"end":{"line":133,"column":5}},{"start":{},"end":{}}],"line":129},"13":{"loc":{"start":{"line":141,"column":13},"end":{"line":141,"column":51}},"type":"binary-expr","locations":[{"start":{"line":141,"column":13},"end":{"line":141,"column":46}},{"start":{"line":141,"column":50},"end":{"line":141,"column":51}}],"line":141},"14":{"loc":{"start":{"line":149,"column":13},"end":{"line":149,"column":53}},"type":"binary-expr","locations":[{"start":{"line":149,"column":13},"end":{"line":149,"column":48}},{"start":{"line":149,"column":52},"end":{"line":149,"column":53}}],"line":149},"15":{"loc":{"start":{"line":157,"column":13},"end":{"line":157,"column":50}},"type":"binary-expr","locations":[{"start":{"line":157,"column":13},"end":{"line":157,"column":45}},{"start":{"line":157,"column":49},"end":{"line":157,"column":50}}],"line":157},"16":{"loc":{"start":{"line":165,"column":20},"end":{"line":165,"column":55}},"type":"binary-expr","locations":[{"start":{"line":165,"column":20},"end":{"line":165,"column":50}},{"start":{"line":165,"column":54},"end":{"line":165,"column":55}}],"line":165},"17":{"loc":{"start":{"line":173,"column":17},"end":{"line":173,"column":53}},"type":"binary-expr","locations":[{"start":{"line":173,"column":17},"end":{"line":173,"column":48}},{"start":{"line":173,"column":52},"end":{"line":173,"column":53}}],"line":173},"18":{"loc":{"start":{"line":181,"column":20},"end":{"line":181,"column":52}},"type":"binary-expr","locations":[{"start":{"line":181,"column":20},"end":{"line":181,"column":47}},{"start":{"line":181,"column":51},"end":{"line":181,"column":52}}],"line":181},"19":{"loc":{"start":{"line":188,"column":2},"end":{"line":194,"column":3}},"type":"if","locations":[{"start":{"line":188,"column":2},"end":{"line":194,"column":3}},{"start":{},"end":{}}],"line":188},"20":{"loc":{"start":{"line":199,"column":169},"end":{"line":199,"column":202}},"type":"cond-expr","locations":[{"start":{"line":199,"column":187},"end":{"line":199,"column":193}},{"start":{"line":199,"column":196},"end":{"line":199,"column":202}}],"line":199},"21":{"loc":{"start":{"line":236,"column":7},"end":{"line":277,"column":7}},"type":"binary-expr","locations":[{"start":{"line":236,"column":7},"end":{"line":236,"column":21}},{"start":{"line":237,"column":8},"end":{"line":276,"column":14}}],"line":236},"22":{"loc":{"start":{"line":280,"column":85},"end":{"line":280,"column":116}},"type":"cond-expr","locations":[{"start":{"line":280,"column":103},"end":{"line":280,"column":108}},{"start":{"line":280,"column":111},"end":{"line":280,"column":116}}],"line":280},"23":{"loc":{"start":{"line":282,"column":80},"end":{"line":282,"column":202}},"type":"cond-expr","locations":[{"start":{"line":282,"column":98},"end":{"line":282,"column":141}},{"start":{"line":282,"column":144},"end":{"line":282,"column":202}}],"line":282},"24":{"loc":{"start":{"line":316,"column":17},"end":{"line":317,"column":107}},"type":"cond-expr","locations":[{"start":{"line":317,"column":18},"end":{"line":317,"column":103}},{"start":{"line":317,"column":106},"end":{"line":317,"column":107}}],"line":316},"25":{"loc":{"start":{"line":332,"column":20},"end":{"line":333,"column":131}},"type":"cond-expr","locations":[{"start":{"line":333,"column":18},"end":{"line":333,"column":127}},{"start":{"line":333,"column":130},"end":{"line":333,"column":131}}],"line":332},"26":{"loc":{"start":{"line":348,"column":20},"end":{"line":348,"column":110}},"type":"binary-expr","locations":[{"start":{"line":348,"column":20},"end":{"line":348,"column":105}},{"start":{"line":348,"column":109},"end":{"line":348,"column":110}}],"line":348},"27":{"loc":{"start":{"line":361,"column":15},"end":{"line":392,"column":15}},"type":"binary-expr","locations":[{"start":{"line":361,"column":15},"end":{"line":388,"column":16}},{"start":{"line":389,"column":16},"end":{"line":391,"column":22}}],"line":361},"28":{"loc":{"start":{"line":378,"column":35},"end":{"line":378,"column":112}},"type":"cond-expr","locations":[{"start":{"line":378,"column":60},"end":{"line":378,"column":105}},{"start":{"line":378,"column":108},"end":{"line":378,"column":112}}],"line":378},"29":{"loc":{"start":{"line":400,"column":15},"end":{"line":423,"column":15}},"type":"binary-expr","locations":[{"start":{"line":400,"column":15},"end":{"line":419,"column":16}},{"start":{"line":420,"column":16},"end":{"line":422,"column":22}}],"line":400},"30":{"loc":{"start":{"line":409,"column":42},"end":{"line":409,"column":102}},"type":"cond-expr","locations":[{"start":{"line":409,"column":58},"end":{"line":409,"column":95}},{"start":{"line":409,"column":98},"end":{"line":409,"column":102}}],"line":409},"31":{"loc":{"start":{"line":433,"column":56},"end":{"line":433,"column":96}},"type":"binary-expr","locations":[{"start":{"line":433,"column":56},"end":{"line":433,"column":91}},{"start":{"line":433,"column":95},"end":{"line":433,"column":96}}],"line":433},"32":{"loc":{"start":{"line":438,"column":21},"end":{"line":438,"column":53}},"type":"binary-expr","locations":[{"start":{"line":438,"column":21},"end":{"line":438,"column":48}},{"start":{"line":438,"column":52},"end":{"line":438,"column":53}}],"line":438},"33":{"loc":{"start":{"line":444,"column":17},"end":{"line":445,"column":107}},"type":"cond-expr","locations":[{"start":{"line":445,"column":18},"end":{"line":445,"column":103}},{"start":{"line":445,"column":106},"end":{"line":445,"column":107}}],"line":444},"34":{"loc":{"start":{"line":456,"column":13},"end":{"line":479,"column":13}},"type":"binary-expr","locations":[{"start":{"line":456,"column":13},"end":{"line":475,"column":14}},{"start":{"line":476,"column":14},"end":{"line":478,"column":20}}],"line":456},"35":{"loc":{"start":{"line":465,"column":40},"end":{"line":465,"column":112}},"type":"cond-expr","locations":[{"start":{"line":465,"column":60},"end":{"line":465,"column":105}},{"start":{"line":465,"column":108},"end":{"line":465,"column":112}}],"line":465},"36":{"loc":{"start":{"line":481,"column":11},"end":{"line":487,"column":11}},"type":"binary-expr","locations":[{"start":{"line":481,"column":11},"end":{"line":481,"column":48}},{"start":{"line":482,"column":12},"end":{"line":486,"column":18}}],"line":481},"37":{"loc":{"start":{"line":536,"column":17},"end":{"line":570,"column":17}},"type":"binary-expr","locations":[{"start":{"line":536,"column":17},"end":{"line":564,"column":18}},{"start":{"line":565,"column":18},"end":{"line":569,"column":23}}],"line":536},"38":{"loc":{"start":{"line":595,"column":51},"end":{"line":595,"column":89}},"type":"binary-expr","locations":[{"start":{"line":595,"column":51},"end":{"line":595,"column":84}},{"start":{"line":595,"column":88},"end":{"line":595,"column":89}}],"line":595},"39":{"loc":{"start":{"line":604,"column":51},"end":{"line":604,"column":91}},"type":"binary-expr","locations":[{"start":{"line":604,"column":51},"end":{"line":604,"column":86}},{"start":{"line":604,"column":90},"end":{"line":604,"column":91}}],"line":604},"40":{"loc":{"start":{"line":614,"column":20},"end":{"line":614,"column":107}},"type":"binary-expr","locations":[{"start":{"line":614,"column":20},"end":{"line":614,"column":102}},{"start":{"line":614,"column":106},"end":{"line":614,"column":107}}],"line":614},"41":{"loc":{"start":{"line":625,"column":17},"end":{"line":626,"column":107}},"type":"cond-expr","locations":[{"start":{"line":626,"column":18},"end":{"line":626,"column":103}},{"start":{"line":626,"column":106},"end":{"line":626,"column":107}}],"line":625}},"s":{"0":0,"1":0,"2":0,"3":0,"4":0,"5":0,"6":0,"7":0,"8":0,"9":0,"10":0,"11":0,"12":0,"13":0,"14":0,"15":0,"16":0,"17":0,"18":0,"19":0,"20":0,"21":0,"22":0,"23":0,"24":0,"25":0,"26":0,"27":0,"28":0,"29":0,"30":0,"31":0,"32":0,"33":0,"34":0,"35":0,"36":0,"37":0,"38":0,"39":0,"40":0,"41":0,"42":0,"43":0,"44":0,"45":0,"46":0,"47":0,"48":0,"49":0,"50":0,"51":0,"52":0,"53":0,"54":0,"55":0,"56":0,"57":0,"58":0,"59":0,"60":0,"61":0,"62":0,"63":0,"64":0,"65":0,"66":0,"67":0},"f":{"0":0,"1":0,"2":0,"3":0,"4":0,"5":0,"6":0,"7":0,"8":0,"9":0,"10":0,"11":0,"12":0,"13":0,"14":0,"15":0,"16":0,"17":0,"18":0,"19":0,"20":0,"21":0,"22":0,"23":0,"24":0,"25":0,"26":0,"27":0,"28":0,"29":0,"30":0,"31":0,"32":0,"33":0,"34":0,"35":0,"36":0},"b":{"0":[0,0],"1":[0,0],"2":[0,0],"3":[0,0],"4":[0,0],"5":[0,0],"6":[0,0],"7":[0,0],"8":[0,0],"9":[0,0],"10":[0,0,0,0,0,0,0],"11":[0,0],"12":[0,0],"13":[0,0],"14":[0,0],"15":[0,0],"16":[0,0],"17":[0,0],"18":[0,0],"19":[0,0],"20":[0,0],"21":[0,0],"22":[0,0],"23":[0,0],"24":[0,0],"25":[0,0],"26":[0,0],"27":[0,0],"28":[0,0],"29":[0,0],"30":[0,0],"31":[0,0],"32":[0,0],"33":[0,0],"34":[0,0],"35":[0,0],"36":[0,0],"37":[0,0],"38":[0,0],"39":[0,0],"40":[0,0],"41":[0,0]}}
,"/Users/leonardorocha/Documents/TCC/projeto/frontend/src/services/api.js": {"path":"/Users/leonardorocha/Documents/TCC/projeto/frontend/src/services/api.js","statementMap":{"0":{"start":{"line":3,"column":12},"end":{"line":6,"column":2}},"1":{"start":{"line":9,"column":0},"end":{"line":20,"column":2}},"2":{"start":{"line":11,"column":18},"end":{"line":11,"column":47}},"3":{"start":{"line":12,"column":4},"end":{"line":14,"column":5}},"4":{"start":{"line":13,"column":6},"end":{"line":13,"column":55}},"5":{"start":{"line":15,"column":4},"end":{"line":15,"column":18}},"6":{"start":{"line":18,"column":4},"end":{"line":18,"column":33}},"7":{"start":{"line":23,"column":0},"end":{"line":42,"column":2}},"8":{"start":{"line":24,"column":16},"end":{"line":24,"column":24}},"9":{"start":{"line":26,"column":4},"end":{"line":29,"column":5}},"10":{"start":{"line":27,"column":6},"end":{"line":27,"column":39}},"11":{"start":{"line":28,"column":6},"end":{"line":28,"column":38}},"12":{"start":{"line":32,"column":4},"end":{"line":38,"column":5}},"13":{"start":{"line":33,"column":24},"end":{"line":33,"column":43}},"14":{"start":{"line":34,"column":6},"end":{"line":37,"column":7}},"15":{"start":{"line":36,"column":8},"end":{"line":36,"column":83}},"16":{"start":{"line":40,"column":4},"end":{"line":40,"column":33}}},"fnMap":{"0":{"name":"(anonymous_0)","decl":{"start":{"line":10,"column":2},"end":{"line":10,"column":3}},"loc":{"start":{"line":10,"column":14},"end":{"line":16,"column":3}},"line":10},"1":{"name":"(anonymous_1)","decl":{"start":{"line":17,"column":2},"end":{"line":17,"column":3}},"loc":{"start":{"line":17,"column":13},"end":{"line":19,"column":3}},"line":17},"2":{"name":"(anonymous_2)","decl":{"start":{"line":24,"column":2},"end":{"line":24,"column":3}},"loc":{"start":{"line":24,"column":16},"end":{"line":24,"column":24}},"line":24},"3":{"name":"(anonymous_3)","decl":{"start":{"line":25,"column":2},"end":{"line":25,"column":3}},"loc":{"start":{"line":25,"column":13},"end":{"line":41,"column":3}},"line":25}},"branchMap":{"0":{"loc":{"start":{"line":4,"column":11},"end":{"line":4,"column":71}},"type":"binary-expr","locations":[{"start":{"line":4,"column":11},"end":{"line":4,"column":40}},{"start":{"line":4,"column":44},"end":{"line":4,"column":71}}],"line":4},"1":{"loc":{"start":{"line":12,"column":4},"end":{"line":14,"column":5}},"type":"if","locations":[{"start":{"line":12,"column":4},"end":{"line":14,"column":5}},{"start":{},"end":{}}],"line":12},"2":{"loc":{"start":{"line":26,"column":4},"end":{"line":29,"column":5}},"type":"if","locations":[{"start":{"line":26,"column":4},"end":{"line":29,"column":5}},{"start":{},"end":{}}],"line":26},"3":{"loc":{"start":{"line":32,"column":4},"end":{"line":38,"column":5}},"type":"if","locations":[{"start":{"line":32,"column":4},"end":{"line":38,"column":5}},{"start":{},"end":{}}],"line":32},"4":{"loc":{"start":{"line":34,"column":6},"end":{"line":37,"column":7}},"type":"if","locations":[{"start":{"line":34,"column":6},"end":{"line":37,"column":7}},{"start":{},"end":{}}],"line":34},"5":{"loc":{"start":{"line":34,"column":10},"end":{"line":34,"column":61}},"type":"binary-expr","locations":[{"start":{"line":34,"column":10},"end":{"line":34,"column":39}},{"start":{"line":34,"column":43},"end":{"line":34,"column":61}}],"line":34},"6":{"loc":{"start":{"line":36,"column":24},"end":{"line":36,"column":82}},"type":"binary-expr","locations":[{"start":{"line":36,"column":24},"end":{"line":36,"column":41}},{"start":{"line":36,"column":45},"end":{"line":36,"column":60}},{"start":{"line":36,"column":64},"end":{"line":36,"column":82}}],"line":36}},"s":{"0":1,"1":1,"2":2,"3":2,"4":1,"5":2,"6":0,"7":1,"8":1,"9":1,"10":1,"11":1,"12":1,"13":0,"14":0,"15":0,"16":1},"f":{"0":2,"1":0,"2":1,"3":1},"b":{"0":[1,0],"1":[1,1],"2":[1,0],"3":[0,1],"4":[0,0],"5":[0,0],"6":[0,0,0]},"_coverageSchema":"1a1c01bbd47fc00a2c39e90264f33305004495a9","hash":"ea992a2fc091cbc20a693901370af4e7c1db5339"}
}
