TN:
SF:src/App.js
FN:19,ProtectedRoute
FN:33,AppRoutes
FN:54,App
FNF:3
FNH:0
FNDA:0,ProtectedRoute
FNDA:0,AppRoutes
FNDA:0,App
DA:17,0
DA:20,0
DA:22,0
DA:23,0
DA:30,0
DA:34,0
DA:55,0
LF:7
LH:0
BRDA:22,0,0,0
BRDA:22,0,1,0
BRDA:30,1,0,0
BRDA:30,1,1,0
BRF:4
BRH:0
end_of_record
TN:
SF:src/index.js
FNF:0
FNH:0
DA:6,0
DA:7,0
LF:2
LH:0
BRF:0
BRH:0
end_of_record
TN:
SF:src/components/ActivityModal.js
FN:4,ActivityModal
FN:31,(anonymous_1)
FN:49,(anonymous_2)
FN:67,(anonymous_3)
FN:68,(anonymous_4)
FN:103,(anonymous_5)
FN:215,(anonymous_6)
FNF:7
FNH:0
FNDA:0,ActivityModal
FNDA:0,(anonymous_1)
FNDA:0,(anonymous_2)
FNDA:0,(anonymous_3)
FNDA:0,(anonymous_4)
FNDA:0,(anonymous_5)
FNDA:0,(anonymous_6)
DA:5,0
DA:15,0
DA:24,0
DA:31,0
DA:32,0
DA:35,0
DA:36,0
DA:37,0
DA:42,0
DA:49,0
DA:50,0
DA:51,0
DA:56,0
DA:67,0
DA:68,0
DA:72,0
DA:74,0
DA:104,0
DA:216,0
LF:19
LH:0
BRDA:35,0,0,0
BRDA:35,0,1,0
BRDA:35,1,0,0
BRDA:35,1,1,0
BRDA:35,1,2,0
BRDA:72,2,0,0
BRDA:72,2,1,0
BRDA:112,3,0,0
BRDA:112,3,1,0
BRDA:112,4,0,0
BRDA:112,4,1,0
BRF:11
BRH:0
end_of_record
TN:
SF:src/components/AddClientModal.js
FN:6,AddClientModal
FN:32,(anonymous_1)
FN:34,(anonymous_2)
FN:41,(anonymous_3)
FN:47,(anonymous_4)
FN:69,(anonymous_5)
FN:100,(anonymous_6)
FN:110,(anonymous_7)
FN:115,(anonymous_8)
FN:126,(anonymous_9)
FNF:10
FNH:0
FNDA:0,AddClientModal
FNDA:0,(anonymous_1)
FNDA:0,(anonymous_2)
FNDA:0,(anonymous_3)
FNDA:0,(anonymous_4)
FNDA:0,(anonymous_5)
FNDA:0,(anonymous_6)
FNDA:0,(anonymous_7)
FNDA:0,(anonymous_8)
FNDA:0,(anonymous_9)
DA:7,0
DA:8,0
DA:9,0
DA:32,0
DA:33,0
DA:34,0
DA:41,0
DA:42,0
DA:43,0
DA:47,0
DA:49,0
DA:52,0
DA:53,0
DA:56,0
DA:58,0
DA:60,0
DA:61,0
DA:63,0
DA:64,0
DA:65,0
DA:69,0
DA:89,0
DA:92,0
DA:93,0
DA:95,0
DA:100,0
DA:102,0
DA:103,0
DA:104,0
DA:106,0
DA:110,0
DA:111,0
DA:112,0
DA:115,0
DA:121,0
DA:122,0
DA:126,0
DA:127,0
DA:130,0
DA:131,0
DA:132,0
DA:135,0
DA:136,0
DA:138,0
DA:155,0
DA:158,0
DA:159,0
DA:163,0
DA:186,0
DA:187,0
DA:190,0
DA:193,0
DA:194,0
DA:196,0
DA:198,0
DA:199,0
DA:200,0
DA:201,0
DA:203,0
DA:206,0
DA:207,0
DA:210,0
DA:214,0
DA:216,0
LF:64
LH:0
BRDA:52,0,0,0
BRDA:52,0,1,0
BRDA:63,1,0,0
BRDA:63,1,1,0
BRDA:64,2,0,0
BRDA:64,2,1,0
BRDA:72,3,0,0
BRDA:72,3,1,0
BRDA:73,4,0,0
BRDA:73,4,1,0
BRDA:74,5,0,0
BRDA:74,5,1,0
BRDA:75,6,0,0
BRDA:75,6,1,0
BRDA:76,7,0,0
BRDA:76,7,1,0
BRDA:77,8,0,0
BRDA:77,8,1,0
BRDA:78,9,0,0
BRDA:78,9,1,0
BRDA:79,10,0,0
BRDA:79,10,1,0
BRDA:80,11,0,0
BRDA:80,11,1,0
BRDA:81,12,0,0
BRDA:81,12,1,0
BRDA:82,13,0,0
BRDA:82,13,1,0
BRDA:83,14,0,0
BRDA:83,14,1,0
BRDA:84,15,0,0
BRDA:84,15,1,0
BRDA:85,16,0,0
BRDA:85,16,1,0
BRDA:86,17,0,0
BRDA:86,17,1,0
BRDA:103,18,0,0
BRDA:103,18,1,0
BRDA:121,19,0,0
BRDA:121,19,1,0
BRDA:121,20,0,0
BRDA:121,20,1,0
BRDA:130,21,0,0
BRDA:130,21,1,0
BRDA:130,22,0,0
BRDA:130,22,1,0
BRDA:130,22,2,0
BRDA:140,23,0,0
BRDA:140,23,1,0
BRDA:141,24,0,0
BRDA:141,24,1,0
BRDA:144,25,0,0
BRDA:144,25,1,0
BRDA:145,26,0,0
BRDA:145,26,1,0
BRDA:145,27,0,0
BRDA:145,27,1,0
BRDA:146,28,0,0
BRDA:146,28,1,0
BRDA:147,29,0,0
BRDA:147,29,1,0
BRDA:148,30,0,0
BRDA:148,30,1,0
BRDA:149,31,0,0
BRDA:149,31,1,0
BRDA:150,32,0,0
BRDA:150,32,1,0
BRDA:158,33,0,0
BRDA:158,33,1,0
BRDA:193,34,0,0
BRDA:193,34,1,0
BRDA:196,35,0,0
BRDA:196,35,1,0
BRDA:196,36,0,0
BRDA:196,36,1,0
BRDA:200,37,0,0
BRDA:200,37,1,0
BRDA:206,38,0,0
BRDA:206,38,1,0
BRDA:206,38,2,0
BRDA:207,39,0,0
BRDA:207,39,1,0
BRDA:214,40,0,0
BRDA:214,40,1,0
BRDA:243,41,0,0
BRDA:243,41,1,0
BRDA:259,42,0,0
BRDA:259,42,1,0
BRDA:264,43,0,0
BRDA:264,43,1,0
BRDA:264,43,2,0
BRDA:522,44,0,0
BRDA:522,44,1,0
BRF:93
BRH:0
end_of_record
TN:
SF:src/components/ChatBot.js
FN:6,ChatBot
FN:20,(anonymous_1)
FN:24,(anonymous_2)
FN:28,(anonymous_3)
FN:40,(anonymous_4)
FN:57,(anonymous_5)
FN:68,(anonymous_6)
FN:75,(anonymous_7)
FN:82,(anonymous_8)
FN:110,(anonymous_9)
FN:117,(anonymous_10)
FN:130,(anonymous_11)
FN:173,(anonymous_12)
FNF:13
FNH:0
FNDA:0,ChatBot
FNDA:0,(anonymous_1)
FNDA:0,(anonymous_2)
FNDA:0,(anonymous_3)
FNDA:0,(anonymous_4)
FNDA:0,(anonymous_5)
FNDA:0,(anonymous_6)
FNDA:0,(anonymous_7)
FNDA:0,(anonymous_8)
FNDA:0,(anonymous_9)
FNDA:0,(anonymous_10)
FNDA:0,(anonymous_11)
FNDA:0,(anonymous_12)
DA:7,0
DA:8,0
DA:9,0
DA:16,0
DA:17,0
DA:18,0
DA:20,0
DA:21,0
DA:24,0
DA:25,0
DA:28,0
DA:29,0
DA:31,0
DA:34,0
DA:40,0
DA:41,0
DA:42,0
DA:44,0
DA:46,0
DA:51,0
DA:57,0
DA:60,0
DA:62,0
DA:68,0
DA:69,0
DA:71,0
DA:75,0
DA:76,0
DA:79,0
DA:80,0
DA:82,0
DA:91,0
DA:110,0
DA:117,0
DA:131,0
DA:173,0
LF:36
LH:0
BRDA:31,0,0,0
BRDA:31,0,1,0
BRDA:79,1,0,0
BRDA:79,1,1,0
BRDA:94,2,0,0
BRDA:94,2,1,0
BRDA:112,3,0,0
BRDA:112,3,1,0
BRDA:126,4,0,0
BRDA:126,4,1,0
BRDA:133,5,0,0
BRDA:133,5,1,0
BRDA:137,6,0,0
BRDA:137,6,1,0
BRDA:144,7,0,0
BRDA:144,7,1,0
BRDA:152,8,0,0
BRDA:152,8,1,0
BRDA:180,9,0,0
BRDA:180,9,1,0
BRF:20
BRH:0
end_of_record
TN:
SF:src/components/Layout.js
FN:19,Layout
FN:34,(anonymous_1)
FN:47,(anonymous_2)
FN:56,(anonymous_3)
FN:58,(anonymous_4)
FN:65,(anonymous_5)
FN:66,(anonymous_6)
FN:78,(anonymous_7)
FN:83,(anonymous_8)
FN:110,(anonymous_9)
FN:121,(anonymous_10)
FN:177,SidebarContent
FN:254,(anonymous_12)
FNF:13
FNH:0
FNDA:0,Layout
FNDA:0,(anonymous_1)
FNDA:0,(anonymous_2)
FNDA:0,(anonymous_3)
FNDA:0,(anonymous_4)
FNDA:0,(anonymous_5)
FNDA:0,(anonymous_6)
FNDA:0,(anonymous_7)
FNDA:0,(anonymous_8)
FNDA:0,(anonymous_9)
FNDA:0,(anonymous_10)
FNDA:0,SidebarContent
FNDA:0,(anonymous_12)
DA:20,0
DA:21,0
DA:22,0
DA:23,0
DA:24,0
DA:26,0
DA:34,0
DA:35,0
DA:36,0
DA:38,0
DA:42,0
DA:45,0
DA:47,0
DA:49,0
DA:50,0
DA:51,0
DA:53,0
DA:56,0
DA:58,0
DA:59,0
DA:61,0
DA:65,0
DA:66,0
DA:67,0
DA:68,0
DA:73,0
DA:78,0
DA:83,0
DA:110,0
DA:121,0
DA:178,0
DA:255,0
DA:256,0
DA:257,0
LF:34
LH:0
BRDA:35,0,0,0
BRDA:35,0,1,0
BRDA:42,1,0,0
BRDA:42,1,1,0
BRDA:49,2,0,0
BRDA:49,2,1,0
BRDA:67,3,0,0
BRDA:67,3,1,0
BRDA:76,4,0,0
BRDA:76,4,1,0
BRDA:96,5,0,0
BRDA:96,5,1,0
BRDA:147,6,0,0
BRDA:147,6,1,0
BRDA:164,7,0,0
BRDA:164,7,1,0
BRDA:181,8,0,0
BRDA:181,8,1,0
BRDA:199,9,0,0
BRDA:199,9,1,0
BRDA:203,10,0,0
BRDA:203,10,1,0
BRDA:204,11,0,0
BRDA:204,11,1,0
BRDA:214,12,0,0
BRDA:214,12,1,0
BRDA:214,12,2,0
BRDA:226,13,0,0
BRDA:226,13,1,0
BRDA:227,14,0,0
BRDA:227,14,1,0
BRDA:231,15,0,0
BRDA:231,15,1,0
BRDA:232,16,0,0
BRDA:232,16,1,0
BRDA:253,17,0,0
BRDA:253,17,1,0
BRDA:262,18,0,0
BRDA:262,18,1,0
BRDA:265,19,0,0
BRDA:265,19,1,0
BRDA:266,20,0,0
BRDA:266,20,1,0
BRDA:270,21,0,0
BRDA:270,21,1,0
BRDA:273,22,0,0
BRDA:273,22,1,0
BRDA:277,23,0,0
BRDA:277,23,1,0
BRDA:278,24,0,0
BRDA:278,24,1,0
BRF:51
BRH:0
end_of_record
TN:
SF:src/components/StatusModal.js
FN:5,StatusModal
FN:16,(anonymous_1)
FN:22,(anonymous_2)
FN:40,(anonymous_3)
FN:68,(anonymous_4)
FN:71,(anonymous_5)
FNF:6
FNH:6
FNDA:7,StatusModal
FNDA:5,(anonymous_1)
FNDA:1,(anonymous_2)
FNDA:1,(anonymous_3)
FNDA:1,(anonymous_4)
FNDA:24,(anonymous_5)
DA:6,7
DA:8,7
DA:16,7
DA:17,5
DA:18,4
DA:22,7
DA:23,1
DA:24,1
DA:25,1
DA:26,1
DA:29,0
DA:36,0
DA:37,0
DA:40,7
DA:41,1
DA:42,1
DA:45,7
DA:47,6
DA:68,1
DA:72,24
LF:20
LH:17
BRDA:17,0,0,4
BRDA:17,0,1,1
BRDA:24,1,0,1
BRDA:24,1,1,0
BRDA:45,2,0,1
BRDA:45,2,1,6
BRF:6
BRH:5
end_of_record
TN:
SF:src/contexts/AuthContext.js
FN:6,useAuth
FN:14,AuthProvider
FN:18,(anonymous_2)
FN:28,(anonymous_3)
FN:61,(anonymous_4)
FNF:5
FNH:5
FNDA:28,useAuth
FNDA:20,AuthProvider
FNDA:9,(anonymous_2)
FNDA:1,(anonymous_3)
FNDA:1,(anonymous_4)
DA:4,2
DA:7,28
DA:8,27
DA:9,4
DA:11,23
DA:15,20
DA:16,20
DA:18,20
DA:19,9
DA:20,9
DA:21,2
DA:23,2
DA:25,9
DA:28,20
DA:29,1
DA:30,1
DA:31,1
DA:33,1
DA:34,1
DA:35,1
DA:37,1
DA:39,0
DA:41,0
DA:42,0
DA:43,0
DA:44,0
DA:45,0
DA:46,0
DA:48,0
DA:50,0
DA:51,0
DA:54,0
DA:61,20
DA:62,1
DA:63,1
DA:64,1
DA:67,20
DA:74,20
LF:38
LH:27
BRDA:8,0,0,4
BRDA:8,0,1,23
BRDA:20,1,0,2
BRDA:20,1,1,7
BRDA:41,2,0,0
BRDA:41,2,1,0
BRDA:43,3,0,0
BRDA:43,3,1,0
BRDA:45,4,0,0
BRDA:45,4,1,0
BRDA:45,5,0,0
BRDA:45,5,1,0
BRDA:46,6,0,0
BRDA:46,6,1,0
BRDA:46,6,2,0
BRDA:50,7,0,0
BRDA:50,7,1,0
BRDA:50,8,0,0
BRDA:50,8,1,0
BRF:19
BRH:4
end_of_record
TN:
SF:src/hooks/useSidebar.js
FN:3,useSidebar
FNF:1
FNH:0
FNDA:0,useSidebar
DA:4,0
DA:5,0
LF:2
LH:0
BRDA:6,0,0,0
BRDA:6,0,1,0
BRF:2
BRH:0
end_of_record
TN:
SF:src/pages/Agenda.js
FN:19,Agenda
FN:26,(anonymous_1)
FN:38,(anonymous_2)
FN:52,(anonymous_3)
FN:69,(anonymous_4)
FN:84,(anonymous_5)
FN:99,(anonymous_6)
FN:105,(anonymous_7)
FN:170,(anonymous_8)
FN:179,(anonymous_9)
FN:210,(anonymous_10)
FN:262,(anonymous_11)
FN:303,(anonymous_12)
FN:317,(anonymous_13)
FNF:14
FNH:0
FNDA:0,Agenda
FNDA:0,(anonymous_1)
FNDA:0,(anonymous_2)
FNDA:0,(anonymous_3)
FNDA:0,(anonymous_4)
FNDA:0,(anonymous_5)
FNDA:0,(anonymous_6)
FNDA:0,(anonymous_7)
FNDA:0,(anonymous_8)
FNDA:0,(anonymous_9)
FNDA:0,(anonymous_10)
FNDA:0,(anonymous_11)
FNDA:0,(anonymous_12)
FNDA:0,(anonymous_13)
DA:20,0
DA:21,0
DA:24,0
DA:27,0
DA:28,0
DA:29,0
DA:31,0
DA:32,0
DA:39,0
DA:45,0
DA:48,0
DA:49,0
DA:52,0
DA:53,0
DA:54,0
DA:55,0
DA:57,0
DA:64,0
DA:65,0
DA:69,0
DA:70,0
DA:72,0
DA:74,0
DA:76,0
DA:78,0
DA:80,0
DA:84,0
DA:85,0
DA:87,0
DA:89,0
DA:91,0
DA:93,0
DA:95,0
DA:99,0
DA:100,0
DA:101,0
DA:102,0
DA:105,0
DA:106,0
DA:108,0
DA:111,0
DA:113,0
DA:115,0
DA:116,0
DA:120,0
DA:121,0
DA:128,0
DA:129,0
DA:130,0
DA:143,0
DA:170,0
DA:179,0
DA:211,0
DA:262,0
DA:303,0
DA:317,0
LF:56
LH:0
BRDA:45,0,0,0
BRDA:45,0,1,0
BRDA:48,1,0,0
BRDA:48,1,1,0
BRDA:48,2,0,0
BRDA:48,2,1,0
BRDA:54,3,0,0
BRDA:54,3,1,0
BRDA:54,4,0,0
BRDA:54,4,1,0
BRDA:70,5,0,0
BRDA:70,5,1,0
BRDA:70,5,2,0
BRDA:70,5,3,0
BRDA:70,5,4,0
BRDA:85,6,0,0
BRDA:85,6,1,0
BRDA:85,6,2,0
BRDA:85,6,3,0
BRDA:85,6,4,0
BRDA:120,7,0,0
BRDA:120,7,1,0
BRDA:128,8,0,0
BRDA:128,8,1,0
BRDA:146,9,0,0
BRDA:146,9,1,0
BRDA:165,10,0,0
BRDA:165,10,1,0
BRDA:176,11,0,0
BRDA:176,11,1,0
BRDA:203,12,0,0
BRDA:203,12,1,0
BRDA:214,13,0,0
BRDA:214,13,1,0
BRDA:223,14,0,0
BRDA:223,14,1,0
BRDA:232,15,0,0
BRDA:232,15,1,0
BRDA:237,16,0,0
BRDA:237,16,1,0
BRDA:242,17,0,0
BRDA:242,17,1,0
BRDA:246,18,0,0
BRDA:246,18,1,0
BRDA:252,19,0,0
BRDA:252,19,1,0
BRDA:290,20,0,0
BRDA:290,20,1,0
BRDA:290,20,2,0
BRDA:303,21,0,0
BRDA:303,21,1,0
BRDA:303,21,2,0
BRDA:317,22,0,0
BRDA:317,22,1,0
BRDA:317,22,2,0
BRF:55
BRH:0
end_of_record
TN:
SF:src/pages/Configuracoes.js
FN:4,Configuracoes
FN:81,(anonymous_1)
FN:94,(anonymous_2)
FNF:3
FNH:0
FNDA:0,Configuracoes
FNDA:0,(anonymous_1)
FNDA:0,(anonymous_2)
DA:5,0
DA:62,0
DA:82,0
DA:83,0
DA:95,0
LF:5
LH:0
BRF:0
BRH:0
end_of_record
TN:
SF:src/pages/Dashboard.js
FN:18,Dashboard
FN:25,(anonymous_1)
FN:25,(anonymous_2)
FN:35,(anonymous_3)
FN:35,(anonymous_4)
FN:94,(anonymous_5)
FN:101,(anonymous_6)
FN:106,(anonymous_7)
FN:111,(anonymous_8)
FN:126,(anonymous_9)
FN:127,(anonymous_10)
FN:148,(anonymous_11)
FN:150,(anonymous_12)
FN:157,(anonymous_13)
FN:224,(anonymous_14)
FN:238,(anonymous_15)
FNF:16
FNH:0
FNDA:0,Dashboard
FNDA:0,(anonymous_1)
FNDA:0,(anonymous_2)
FNDA:0,(anonymous_3)
FNDA:0,(anonymous_4)
FNDA:0,(anonymous_5)
FNDA:0,(anonymous_6)
FNDA:0,(anonymous_7)
FNDA:0,(anonymous_8)
FNDA:0,(anonymous_9)
FNDA:0,(anonymous_10)
FNDA:0,(anonymous_11)
FNDA:0,(anonymous_12)
FNDA:0,(anonymous_13)
FNDA:0,(anonymous_14)
FNDA:0,(anonymous_15)
DA:19,0
DA:20,0
DA:23,0
DA:25,0
DA:33,0
DA:35,0
DA:42,0
DA:94,0
DA:95,0
DA:97,0
DA:98,0
DA:101,0
DA:102,0
DA:106,0
DA:107,0
DA:108,0
DA:109,0
DA:111,0
DA:112,0
DA:113,0
DA:120,0
DA:123,0
DA:126,0
DA:127,0
DA:128,0
DA:129,0
DA:130,0
DA:148,0
DA:150,0
DA:158,0
DA:159,0
DA:161,0
DA:163,0
DA:167,0
DA:169,0
DA:173,0
DA:178,0
DA:182,0
DA:183,0
DA:194,0
DA:195,0
DA:208,0
DA:224,0
DA:239,0
LF:44
LH:0
BRDA:46,0,0,0
BRDA:46,0,1,0
BRDA:54,1,0,0
BRDA:54,1,1,0
BRDA:62,2,0,0
BRDA:62,2,1,0
BRDA:70,3,0,0
BRDA:70,3,1,0
BRDA:78,4,0,0
BRDA:78,4,1,0
BRDA:86,5,0,0
BRDA:86,5,1,0
BRDA:95,6,0,0
BRDA:95,6,1,0
BRDA:95,7,0,0
BRDA:95,7,1,0
BRDA:98,8,0,0
BRDA:98,8,1,0
BRDA:112,9,0,0
BRDA:112,9,1,0
BRDA:128,10,0,0
BRDA:128,10,1,0
BRDA:128,11,0,0
BRDA:128,11,1,0
BRDA:128,11,2,0
BRDA:152,12,0,0
BRDA:152,12,1,0
BRDA:153,13,0,0
BRDA:153,13,1,0
BRDA:158,14,0,0
BRDA:158,14,1,0
BRDA:158,15,0,0
BRDA:158,15,1,0
BRDA:182,16,0,0
BRDA:182,16,1,0
BRDA:194,17,0,0
BRDA:194,17,1,0
BRDA:201,18,0,0
BRDA:201,18,1,0
BRDA:211,19,0,0
BRDA:211,19,1,0
BRDA:235,20,0,0
BRDA:235,20,1,0
BRDA:249,21,0,0
BRDA:249,21,1,0
BRDA:250,22,0,0
BRDA:250,22,1,0
BRF:47
BRH:0
end_of_record
TN:
SF:src/pages/Expositores.js
FN:7,Expositores
FN:15,(anonymous_1)
FN:24,(anonymous_2)
FN:28,(anonymous_3)
FN:32,(anonymous_4)
FN:38,(anonymous_5)
FN:44,(anonymous_6)
FN:75,(anonymous_7)
FN:92,(anonymous_8)
FN:112,(anonymous_9)
FN:143,(anonymous_10)
FN:149,(anonymous_11)
FN:167,(anonymous_12)
FN:178,ExpositorModal
FN:196,(anonymous_14)
FN:204,(anonymous_15)
FN:209,(anonymous_16)
FN:214,(anonymous_17)
FN:221,(anonymous_18)
FNF:19
FNH:0
FNDA:0,Expositores
FNDA:0,(anonymous_1)
FNDA:0,(anonymous_2)
FNDA:0,(anonymous_3)
FNDA:0,(anonymous_4)
FNDA:0,(anonymous_5)
FNDA:0,(anonymous_6)
FNDA:0,(anonymous_7)
FNDA:0,(anonymous_8)
FNDA:0,(anonymous_9)
FNDA:0,(anonymous_10)
FNDA:0,(anonymous_11)
FNDA:0,(anonymous_12)
FNDA:0,ExpositorModal
FNDA:0,(anonymous_14)
FNDA:0,(anonymous_15)
FNDA:0,(anonymous_16)
FNDA:0,(anonymous_17)
FNDA:0,(anonymous_18)
DA:8,0
DA:9,0
DA:10,0
DA:11,0
DA:13,0
DA:16,0
DA:19,0
DA:23,0
DA:25,0
DA:29,0
DA:30,0
DA:33,0
DA:38,0
DA:39,0
DA:40,0
DA:44,0
DA:45,0
DA:47,0
DA:49,0
DA:51,0
DA:53,0
DA:55,0
DA:59,0
DA:60,0
DA:67,0
DA:75,0
DA:92,0
DA:113,0
DA:143,0
DA:149,0
DA:168,0
DA:169,0
DA:179,0
DA:180,0
DA:196,0
DA:197,0
DA:203,0
DA:205,0
DA:206,0
DA:210,0
DA:211,0
DA:212,0
DA:215,0
DA:216,0
DA:221,0
DA:222,0
DA:223,0
DA:226,0
LF:48
LH:0
BRDA:13,0,0,0
BRDA:39,1,0,0
BRDA:39,1,1,0
BRDA:45,2,0,0
BRDA:45,2,1,0
BRDA:45,2,2,0
BRDA:45,2,3,0
BRDA:45,2,4,0
BRDA:59,3,0,0
BRDA:59,3,1,0
BRDA:119,4,0,0
BRDA:119,4,1,0
BRDA:138,5,0,0
BRDA:138,5,1,0
BRDA:164,6,0,0
BRDA:164,6,1,0
BRDA:181,7,0,0
BRDA:181,7,1,0
BRDA:182,8,0,0
BRDA:182,8,1,0
BRDA:183,9,0,0
BRDA:183,9,1,0
BRDA:184,10,0,0
BRDA:184,10,1,0
BRDA:185,11,0,0
BRDA:185,11,1,0
BRDA:186,12,0,0
BRDA:186,12,1,0
BRDA:187,13,0,0
BRDA:187,13,1,0
BRDA:188,14,0,0
BRDA:188,14,1,0
BRDA:189,15,0,0
BRDA:189,15,1,0
BRDA:190,16,0,0
BRDA:190,16,1,0
BRDA:191,17,0,0
BRDA:191,17,1,0
BRDA:192,18,0,0
BRDA:192,18,1,0
BRDA:193,19,0,0
BRDA:193,19,1,0
BRDA:215,20,0,0
BRDA:215,20,1,0
BRDA:215,20,2,0
BRDA:216,21,0,0
BRDA:216,21,1,0
BRDA:231,22,0,0
BRDA:231,22,1,0
BRDA:298,23,0,0
BRDA:298,23,1,0
BRDA:298,24,0,0
BRDA:298,24,1,0
BRF:53
BRH:0
end_of_record
TN:
SF:src/pages/KanbanBoard.js
FN:28,KanbanBoard
FN:44,(anonymous_1)
FN:44,(anonymous_2)
FN:48,(anonymous_3)
FN:58,(anonymous_4)
FN:91,(anonymous_5)
FN:101,(anonymous_6)
FN:120,(anonymous_7)
FN:128,(anonymous_8)
FN:153,(anonymous_9)
FN:164,(anonymous_10)
FN:165,(anonymous_11)
FN:178,(anonymous_12)
FN:188,(anonymous_13)
FN:192,(anonymous_14)
FN:207,(anonymous_15)
FN:219,(anonymous_16)
FN:238,(anonymous_17)
FN:239,(anonymous_18)
FN:250,(anonymous_19)
FN:257,(anonymous_20)
FN:265,(anonymous_21)
FN:266,(anonymous_22)
FN:270,(anonymous_23)
FN:378,(anonymous_24)
FN:391,(anonymous_25)
FN:407,(anonymous_26)
FN:432,(anonymous_27)
FN:441,(anonymous_28)
FN:442,(anonymous_29)
FN:443,(anonymous_30)
FN:444,(anonymous_31)
FNF:32
FNH:0
FNDA:0,KanbanBoard
FNDA:0,(anonymous_1)
FNDA:0,(anonymous_2)
FNDA:0,(anonymous_3)
FNDA:0,(anonymous_4)
FNDA:0,(anonymous_5)
FNDA:0,(anonymous_6)
FNDA:0,(anonymous_7)
FNDA:0,(anonymous_8)
FNDA:0,(anonymous_9)
FNDA:0,(anonymous_10)
FNDA:0,(anonymous_11)
FNDA:0,(anonymous_12)
FNDA:0,(anonymous_13)
FNDA:0,(anonymous_14)
FNDA:0,(anonymous_15)
FNDA:0,(anonymous_16)
FNDA:0,(anonymous_17)
FNDA:0,(anonymous_18)
FNDA:0,(anonymous_19)
FNDA:0,(anonymous_20)
FNDA:0,(anonymous_21)
FNDA:0,(anonymous_22)
FNDA:0,(anonymous_23)
FNDA:0,(anonymous_24)
FNDA:0,(anonymous_25)
FNDA:0,(anonymous_26)
FNDA:0,(anonymous_27)
FNDA:0,(anonymous_28)
FNDA:0,(anonymous_29)
FNDA:0,(anonymous_30)
FNDA:0,(anonymous_31)
DA:29,0
DA:30,0
DA:31,0
DA:34,0
DA:42,0
DA:44,0
DA:49,0
DA:51,0
DA:58,0
DA:59,0
DA:70,0
DA:72,0
DA:73,0
DA:75,0
DA:76,0
DA:78,0
DA:79,0
DA:81,0
DA:82,0
DA:84,0
DA:88,0
DA:89,0
DA:92,0
DA:97,0
DA:98,0
DA:101,0
DA:102,0
DA:105,0
DA:112,0
DA:113,0
DA:115,0
DA:116,0
DA:117,0
DA:120,0
DA:121,0
DA:124,0
DA:125,0
DA:127,0
DA:128,0
DA:129,0
DA:130,0
DA:131,0
DA:132,0
DA:133,0
DA:137,0
DA:138,0
DA:139,0
DA:142,0
DA:143,0
DA:144,0
DA:147,0
DA:150,0
DA:153,0
DA:156,0
DA:158,0
DA:159,0
DA:164,0
DA:165,0
DA:166,0
DA:167,0
DA:170,0
DA:173,0
DA:174,0
DA:177,0
DA:178,0
DA:181,0
DA:188,0
DA:189,0
DA:192,0
DA:193,0
DA:194,0
DA:196,0
DA:198,0
DA:199,0
DA:202,0
DA:205,0
DA:206,0
DA:207,0
DA:208,0
DA:209,0
DA:214,0
DA:215,0
DA:216,0
DA:218,0
DA:219,0
DA:220,0
DA:221,0
DA:226,0
DA:229,0
DA:230,0
DA:231,0
DA:233,0
DA:234,0
DA:238,0
DA:239,0
DA:242,0
DA:245,0
DA:246,0
DA:247,0
DA:250,0
DA:257,0
DA:258,0
DA:261,0
DA:265,0
DA:266,0
DA:267,0
DA:270,0
DA:271,0
DA:272,0
DA:275,0
DA:314,0
DA:346,0
DA:347,0
DA:357,0
DA:378,0
DA:392,0
DA:408,0
DA:432,0
DA:441,0
DA:442,0
DA:443,0
DA:444,0
LF:122
LH:0
BRDA:60,0,0,0
BRDA:60,0,1,0
BRDA:61,1,0,0
BRDA:61,1,1,0
BRDA:62,2,0,0
BRDA:62,2,1,0
BRDA:62,3,0,0
BRDA:62,3,1,0
BRDA:63,4,0,0
BRDA:63,4,1,0
BRDA:63,4,2,0
BRDA:70,5,0,0
BRDA:70,5,1,0
BRDA:70,5,2,0
BRDA:70,5,3,0
BRDA:70,5,4,0
BRDA:115,6,0,0
BRDA:115,6,1,0
BRDA:129,7,0,0
BRDA:129,7,1,0
BRDA:137,8,0,0
BRDA:137,8,1,0
BRDA:142,9,0,0
BRDA:142,9,1,0
BRDA:196,10,0,0
BRDA:196,10,1,0
BRDA:202,11,0,0
BRDA:202,11,1,0
BRDA:207,12,0,0
BRDA:207,12,1,0
BRDA:215,13,0,0
BRDA:215,13,1,0
BRDA:219,14,0,0
BRDA:219,14,1,0
BRDA:226,15,0,0
BRDA:226,15,1,0
BRDA:226,16,0,0
BRDA:226,16,1,0
BRDA:233,17,0,0
BRDA:233,17,1,0
BRDA:245,18,0,0
BRDA:245,18,1,0
BRDA:267,19,0,0
BRDA:267,19,1,0
BRDA:284,20,0,0
BRDA:284,20,1,0
BRDA:296,21,0,0
BRDA:296,21,1,0
BRDA:303,22,0,0
BRDA:303,22,1,0
BRDA:346,23,0,0
BRDA:346,23,1,0
BRDA:366,24,0,0
BRDA:366,24,1,0
BRDA:388,25,0,0
BRDA:388,25,1,0
BRDA:390,26,0,0
BRDA:390,26,1,0
BRDA:406,27,0,0
BRDA:406,27,1,0
BRDA:412,28,0,0
BRDA:412,28,1,0
BRDA:438,29,0,0
BRDA:438,29,1,0
BRDA:441,30,0,0
BRDA:441,30,1,0
BRDA:441,30,2,0
BRDA:441,30,3,0
BRF:68
BRH:0
end_of_record
TN:
SF:src/pages/LeadDetail.js
FN:20,LeadDetail
FN:32,(anonymous_1)
FN:42,(anonymous_2)
FN:50,(anonymous_3)
FN:70,(anonymous_4)
FN:87,(anonymous_5)
FN:113,(anonymous_6)
FN:147,(anonymous_7)
FN:167,(anonymous_8)
FN:183,(anonymous_9)
FN:190,(anonymous_10)
FN:201,(anonymous_11)
FN:204,(anonymous_12)
FN:243,(anonymous_13)
FN:273,(anonymous_14)
FN:418,(anonymous_15)
FN:426,(anonymous_16)
FNF:17
FNH:0
FNDA:0,LeadDetail
FNDA:0,(anonymous_1)
FNDA:0,(anonymous_2)
FNDA:0,(anonymous_3)
FNDA:0,(anonymous_4)
FNDA:0,(anonymous_5)
FNDA:0,(anonymous_6)
FNDA:0,(anonymous_7)
FNDA:0,(anonymous_8)
FNDA:0,(anonymous_9)
FNDA:0,(anonymous_10)
FNDA:0,(anonymous_11)
FNDA:0,(anonymous_12)
FNDA:0,(anonymous_13)
FNDA:0,(anonymous_14)
FNDA:0,(anonymous_15)
FNDA:0,(anonymous_16)
DA:21,0
DA:22,0
DA:23,0
DA:24,0
DA:25,0
DA:26,0
DA:27,0
DA:30,0
DA:33,0
DA:34,0
DA:40,0
DA:43,0
DA:44,0
DA:51,0
DA:55,0
DA:56,0
DA:63,0
DA:64,0
DA:70,0
DA:80,0
DA:87,0
DA:88,0
DA:90,0
DA:92,0
DA:97,0
DA:99,0
DA:101,0
DA:104,0
DA:107,0
DA:108,0
DA:109,0
DA:113,0
DA:114,0
DA:116,0
DA:118,0
DA:122,0
DA:123,0
DA:126,0
DA:132,0
DA:135,0
DA:138,0
DA:141,0
DA:144,0
DA:147,0
DA:148,0
DA:149,0
DA:152,0
DA:153,0
DA:156,0
DA:157,0
DA:161,0
DA:167,0
DA:183,0
DA:190,0
DA:202,0
DA:204,0
DA:243,0
DA:274,0
DA:418,0
DA:426,0
LF:60
LH:0
BRDA:51,0,0,0
BRDA:51,0,1,0
BRDA:55,1,0,0
BRDA:55,1,1,0
BRDA:63,2,0,0
BRDA:63,2,1,0
BRDA:63,3,0,0
BRDA:63,3,1,0
BRDA:97,4,0,0
BRDA:97,4,1,0
BRDA:122,5,0,0
BRDA:122,5,1,0
BRDA:164,6,0,0
BRDA:164,6,1,0
BRDA:174,7,0,0
BRDA:174,7,1,0
BRDA:200,8,0,0
BRDA:200,8,1,0
BRDA:206,9,0,0
BRDA:206,9,1,0
BRDA:218,10,0,0
BRDA:218,10,1,0
BRDA:219,11,0,0
BRDA:219,11,1,0
BRDA:224,12,0,0
BRDA:224,12,1,0
BRDA:230,13,0,0
BRDA:230,13,1,0
BRDA:235,14,0,0
BRDA:235,14,1,0
BRDA:285,15,0,0
BRDA:285,15,1,0
BRDA:316,16,0,0
BRDA:316,16,1,0
BRDA:326,17,0,0
BRDA:326,17,1,0
BRDA:334,18,0,0
BRDA:334,18,1,0
BRDA:362,19,0,0
BRDA:362,19,1,0
BRDA:376,20,0,0
BRDA:376,20,1,0
BRDA:388,21,0,0
BRDA:388,21,1,0
BRDA:401,22,0,0
BRDA:401,22,1,0
BRF:46
BRH:0
end_of_record
TN:
SF:src/pages/Login.js
FN:8,Login
FN:27,(anonymous_1)
FN:34,(anonymous_2)
FN:41,(anonymous_3)
FN:74,(anonymous_4)
FN:164,(anonymous_5)
FN:189,(anonymous_6)
FN:205,(anonymous_7)
FN:280,(anonymous_8)
FNF:9
FNH:3
FNDA:13,Login
FNDA:4,(anonymous_1)
FNDA:0,(anonymous_2)
FNDA:0,(anonymous_3)
FNDA:0,(anonymous_4)
FNDA:1,(anonymous_5)
FNDA:0,(anonymous_6)
FNDA:0,(anonymous_7)
FNDA:0,(anonymous_8)
DA:9,13
DA:13,13
DA:14,13
DA:15,13
DA:16,13
DA:22,13
DA:24,13
DA:25,13
DA:27,13
DA:28,4
DA:34,13
DA:35,0
DA:41,13
DA:42,0
DA:44,0
DA:45,0
DA:46,0
DA:49,0
DA:50,0
DA:51,0
DA:54,0
DA:55,0
DA:56,0
DA:63,0
DA:64,0
DA:65,0
DA:67,0
DA:68,0
DA:70,0
DA:74,13
DA:75,0
DA:76,0
DA:78,0
DA:79,0
DA:81,0
DA:82,0
DA:83,0
DA:85,0
DA:86,0
DA:89,0
DA:90,0
DA:92,0
DA:96,13
DA:164,1
DA:189,0
DA:205,0
DA:280,0
LF:47
LH:15
BRDA:44,0,0,0
BRDA:44,0,1,0
BRDA:49,1,0,0
BRDA:49,1,1,0
BRDA:67,2,0,0
BRDA:67,2,1,0
BRDA:68,3,0,0
BRDA:68,3,1,0
BRDA:81,4,0,0
BRDA:81,4,1,0
BRDA:85,5,0,0
BRDA:85,5,1,0
BRDA:86,6,0,0
BRDA:86,6,1,0
BRDA:89,7,0,0
BRDA:89,7,1,0
BRDA:90,8,0,0
BRDA:90,8,1,0
BRDA:154,9,0,1
BRDA:154,9,1,12
BRDA:166,10,0,1
BRDA:166,10,1,12
BRDA:182,11,0,0
BRDA:182,11,1,13
BRDA:199,12,0,13
BRDA:199,12,1,0
BRDA:290,13,0,0
BRDA:290,13,1,0
BRF:28
BRH:6
end_of_record
TN:
SF:src/pages/Relatorios.js
FN:21,Relatorios
FN:31,(anonymous_1)
FN:31,(anonymous_2)
FN:41,(anonymous_3)
FN:41,(anonymous_4)
FN:50,(anonymous_5)
FN:50,(anonymous_6)
FN:59,(anonymous_7)
FN:59,(anonymous_8)
FN:68,(anonymous_9)
FN:69,(anonymous_10)
FN:70,(anonymous_11)
FN:70,(anonymous_12)
FN:75,(anonymous_13)
FN:75,(anonymous_14)
FN:75,(anonymous_15)
FN:91,(anonymous_16)
FN:95,(anonymous_17)
FN:105,(anonymous_18)
FN:105,(anonymous_19)
FN:115,(anonymous_20)
FN:212,(anonymous_21)
FN:219,(anonymous_22)
FN:226,(anonymous_23)
FN:243,(anonymous_24)
FN:256,(anonymous_25)
FN:266,(anonymous_26)
FN:283,(anonymous_27)
FN:361,(anonymous_28)
FN:362,(anonymous_29)
FN:400,(anonymous_30)
FN:401,(anonymous_31)
FN:456,(anonymous_32)
FN:457,(anonymous_33)
FN:499,(anonymous_34)
FN:506,(anonymous_35)
FN:536,(anonymous_36)
FNF:37
FNH:0
FNDA:0,Relatorios
FNDA:0,(anonymous_1)
FNDA:0,(anonymous_2)
FNDA:0,(anonymous_3)
FNDA:0,(anonymous_4)
FNDA:0,(anonymous_5)
FNDA:0,(anonymous_6)
FNDA:0,(anonymous_7)
FNDA:0,(anonymous_8)
FNDA:0,(anonymous_9)
FNDA:0,(anonymous_10)
FNDA:0,(anonymous_11)
FNDA:0,(anonymous_12)
FNDA:0,(anonymous_13)
FNDA:0,(anonymous_14)
FNDA:0,(anonymous_15)
FNDA:0,(anonymous_16)
FNDA:0,(anonymous_17)
FNDA:0,(anonymous_18)
FNDA:0,(anonymous_19)
FNDA:0,(anonymous_20)
FNDA:0,(anonymous_21)
FNDA:0,(anonymous_22)
FNDA:0,(anonymous_23)
FNDA:0,(anonymous_24)
FNDA:0,(anonymous_25)
FNDA:0,(anonymous_26)
FNDA:0,(anonymous_27)
FNDA:0,(anonymous_28)
FNDA:0,(anonymous_29)
FNDA:0,(anonymous_30)
FNDA:0,(anonymous_31)
FNDA:0,(anonymous_32)
FNDA:0,(anonymous_33)
FNDA:0,(anonymous_34)
FNDA:0,(anonymous_35)
FNDA:0,(anonymous_36)
DA:22,0
DA:23,0
DA:24,0
DA:25,0
DA:26,0
DA:29,0
DA:31,0
DA:39,0
DA:41,0
DA:48,0
DA:50,0
DA:57,0
DA:59,0
DA:66,0
DA:69,0
DA:70,0
DA:71,0
DA:73,0
DA:75,0
DA:89,0
DA:92,0
DA:95,0
DA:103,0
DA:105,0
DA:111,0
DA:115,0
DA:116,0
DA:125,0
DA:127,0
DA:128,0
DA:129,0
DA:131,0
DA:132,0
DA:137,0
DA:188,0
DA:189,0
DA:196,0
DA:212,0
DA:219,0
DA:226,0
DA:243,0
DA:256,0
DA:268,0
DA:284,0
DA:285,0
DA:362,0
DA:363,0
DA:401,0
DA:402,0
DA:457,0
DA:458,0
DA:499,0
DA:506,0
DA:537,0
LF:54
LH:0
BRDA:71,0,0,0
BRDA:71,0,1,0
BRDA:75,1,0,0
BRDA:75,1,1,0
BRDA:77,2,0,0
BRDA:77,2,1,0
BRDA:78,3,0,0
BRDA:78,3,1,0
BRDA:78,4,0,0
BRDA:78,4,1,0
BRDA:79,5,0,0
BRDA:79,5,1,0
BRDA:80,6,0,0
BRDA:80,6,1,0
BRDA:92,7,0,0
BRDA:92,7,1,0
BRDA:93,8,0,0
BRDA:93,8,1,0
BRDA:94,9,0,0
BRDA:94,9,1,0
BRDA:111,10,0,0
BRDA:111,10,1,0
BRDA:111,10,2,0
BRDA:111,10,3,0
BRDA:111,10,4,0
BRDA:111,10,5,0
BRDA:111,10,6,0
BRDA:125,11,0,0
BRDA:125,11,1,0
BRDA:129,12,0,0
BRDA:129,12,1,0
BRDA:141,13,0,0
BRDA:141,13,1,0
BRDA:149,14,0,0
BRDA:149,14,1,0
BRDA:157,15,0,0
BRDA:157,15,1,0
BRDA:165,16,0,0
BRDA:165,16,1,0
BRDA:173,17,0,0
BRDA:173,17,1,0
BRDA:181,18,0,0
BRDA:181,18,1,0
BRDA:188,19,0,0
BRDA:188,19,1,0
BRDA:199,20,0,0
BRDA:199,20,1,0
BRDA:236,21,0,0
BRDA:236,21,1,0
BRDA:280,22,0,0
BRDA:280,22,1,0
BRDA:282,23,0,0
BRDA:282,23,1,0
BRDA:316,24,0,0
BRDA:316,24,1,0
BRDA:332,25,0,0
BRDA:332,25,1,0
BRDA:348,26,0,0
BRDA:348,26,1,0
BRDA:361,27,0,0
BRDA:361,27,1,0
BRDA:378,28,0,0
BRDA:378,28,1,0
BRDA:400,29,0,0
BRDA:400,29,1,0
BRDA:409,30,0,0
BRDA:409,30,1,0
BRDA:433,31,0,0
BRDA:433,31,1,0
BRDA:438,32,0,0
BRDA:438,32,1,0
BRDA:444,33,0,0
BRDA:444,33,1,0
BRDA:456,34,0,0
BRDA:456,34,1,0
BRDA:465,35,0,0
BRDA:465,35,1,0
BRDA:481,36,0,0
BRDA:481,36,1,0
BRDA:536,37,0,0
BRDA:536,37,1,0
BRDA:595,38,0,0
BRDA:595,38,1,0
BRDA:604,39,0,0
BRDA:604,39,1,0
BRDA:614,40,0,0
BRDA:614,40,1,0
BRDA:625,41,0,0
BRDA:625,41,1,0
BRF:89
BRH:0
end_of_record
TN:
SF:src/services/api.js
FN:10,(anonymous_0)
FN:17,(anonymous_1)
FN:24,(anonymous_2)
FN:25,(anonymous_3)
FNF:4
FNH:3
FNDA:2,(anonymous_0)
FNDA:0,(anonymous_1)
FNDA:1,(anonymous_2)
FNDA:1,(anonymous_3)
DA:3,1
DA:9,1
DA:11,2
DA:12,2
DA:13,1
DA:15,2
DA:18,0
DA:23,1
DA:24,1
DA:26,1
DA:27,1
DA:28,1
DA:32,1
DA:33,0
DA:34,0
DA:36,0
DA:40,1
LF:17
LH:13
BRDA:4,0,0,1
BRDA:4,0,1,0
BRDA:12,1,0,1
BRDA:12,1,1,1
BRDA:26,2,0,1
BRDA:26,2,1,0
BRDA:32,3,0,0
BRDA:32,3,1,1
BRDA:34,4,0,0
BRDA:34,4,1,0
BRDA:34,5,0,0
BRDA:34,5,1,0
BRDA:36,6,0,0
BRDA:36,6,1,0
BRDA:36,6,2,0
BRF:15
BRH:5
end_of_record
